{"C:\\Users\\Michael_Pretorius\\Desktop\\personal\\crwn-clothing\\client\\src\\App.js": {"path":"C:\\Users\\Michael_Pretorius\\Desktop\\personal\\crwn-clothing\\client\\src\\App.js","statementMap":{"0":{"start":{"line":14,"column":17},"end":{"line":14,"column":64}},"1":{"start":{"line":14,"column":28},"end":{"line":14,"column":63}},"2":{"start":{"line":15,"column":17},"end":{"line":15,"column":64}},"3":{"start":{"line":15,"column":28},"end":{"line":15,"column":63}},"4":{"start":{"line":16,"column":21},"end":{"line":16,"column":76}},"5":{"start":{"line":16,"column":32},"end":{"line":16,"column":75}},"6":{"start":{"line":17,"column":21},"end":{"line":17,"column":76}},"7":{"start":{"line":17,"column":32},"end":{"line":17,"column":75}},"8":{"start":{"line":19,"column":12},"end":{"line":59,"column":1}},"9":{"start":{"line":20,"column":2},"end":{"line":39,"column":23}},"10":{"start":{"line":21,"column":32},"end":{"line":34,"column":6}},"11":{"start":{"line":22,"column":6},"end":{"line":33,"column":7}},"12":{"start":{"line":23,"column":24},"end":{"line":23,"column":65}},"13":{"start":{"line":25,"column":8},"end":{"line":30,"column":11}},"14":{"start":{"line":26,"column":10},"end":{"line":29,"column":13}},"15":{"start":{"line":32,"column":8},"end":{"line":32,"column":33}},"16":{"start":{"line":36,"column":4},"end":{"line":38,"column":6}},"17":{"start":{"line":37,"column":6},"end":{"line":37,"column":28}},"18":{"start":{"line":41,"column":2},"end":{"line":58,"column":4}},"19":{"start":{"line":52,"column":14},"end":{"line":52,"column":70}},"20":{"start":{"line":61,"column":24},"end":{"line":63,"column":2}}},"fnMap":{"0":{"name":"(anonymous_0)","decl":{"start":{"line":14,"column":22},"end":{"line":14,"column":23}},"loc":{"start":{"line":14,"column":28},"end":{"line":14,"column":63}},"line":14},"1":{"name":"(anonymous_1)","decl":{"start":{"line":15,"column":22},"end":{"line":15,"column":23}},"loc":{"start":{"line":15,"column":28},"end":{"line":15,"column":63}},"line":15},"2":{"name":"(anonymous_2)","decl":{"start":{"line":16,"column":26},"end":{"line":16,"column":27}},"loc":{"start":{"line":16,"column":32},"end":{"line":16,"column":75}},"line":16},"3":{"name":"(anonymous_3)","decl":{"start":{"line":17,"column":26},"end":{"line":17,"column":27}},"loc":{"start":{"line":17,"column":32},"end":{"line":17,"column":75}},"line":17},"4":{"name":"(anonymous_4)","decl":{"start":{"line":19,"column":12},"end":{"line":19,"column":13}},"loc":{"start":{"line":19,"column":49},"end":{"line":59,"column":1}},"line":19},"5":{"name":"(anonymous_5)","decl":{"start":{"line":20,"column":12},"end":{"line":20,"column":13}},"loc":{"start":{"line":20,"column":18},"end":{"line":39,"column":3}},"line":20},"6":{"name":"(anonymous_6)","decl":{"start":{"line":21,"column":56},"end":{"line":21,"column":57}},"loc":{"start":{"line":21,"column":74},"end":{"line":34,"column":5}},"line":21},"7":{"name":"(anonymous_7)","decl":{"start":{"line":25,"column":27},"end":{"line":25,"column":28}},"loc":{"start":{"line":25,"column":39},"end":{"line":30,"column":9}},"line":25},"8":{"name":"(anonymous_8)","decl":{"start":{"line":36,"column":11},"end":{"line":36,"column":12}},"loc":{"start":{"line":36,"column":17},"end":{"line":38,"column":5}},"line":36},"9":{"name":"(anonymous_9)","decl":{"start":{"line":51,"column":48},"end":{"line":51,"column":49}},"loc":{"start":{"line":52,"column":14},"end":{"line":52,"column":70}},"line":52}},"branchMap":{"0":{"loc":{"start":{"line":22,"column":6},"end":{"line":33,"column":7}},"type":"if","locations":[{"start":{"line":22,"column":6},"end":{"line":33,"column":7}},{"start":{"line":22,"column":6},"end":{"line":33,"column":7}}],"line":22},"1":{"loc":{"start":{"line":52,"column":14},"end":{"line":52,"column":70}},"type":"cond-expr","locations":[{"start":{"line":52,"column":29},"end":{"line":52,"column":48}},{"start":{"line":52,"column":53},"end":{"line":52,"column":69}}],"line":52}},"s":{"0":0,"1":0,"2":0,"3":0,"4":0,"5":0,"6":0,"7":0,"8":0,"9":0,"10":0,"11":0,"12":0,"13":0,"14":0,"15":0,"16":0,"17":0,"18":0,"19":0,"20":0},"f":{"0":0,"1":0,"2":0,"3":0,"4":0,"5":0,"6":0,"7":0,"8":0,"9":0},"b":{"0":[0,0],"1":[0,0]},"hash":"bd749a444ccc2f42d2834425db5e1bc74cda7522"}
,"C:\\Users\\Michael_Pretorius\\Desktop\\personal\\crwn-clothing\\client\\src\\globalStyles.js": {"path":"C:\\Users\\Michael_Pretorius\\Desktop\\personal\\crwn-clothing\\client\\src\\globalStyles.js","statementMap":{"0":{"start":{"line":3,"column":27},"end":{"line":21,"column":1}}},"fnMap":{},"branchMap":{},"s":{"0":0},"f":{},"b":{},"hash":"9cb0c9b0647f8ca084f435b3a7ec47a3e97e9b09"}
,"C:\\Users\\Michael_Pretorius\\Desktop\\personal\\crwn-clothing\\client\\src\\index.js": {"path":"C:\\Users\\Michael_Pretorius\\Desktop\\personal\\crwn-clothing\\client\\src\\index.js","statementMap":{"0":{"start":{"line":12,"column":0},"end":{"line":21,"column":2}},"1":{"start":{"line":23,"column":0},"end":{"line":23,"column":25}}},"fnMap":{},"branchMap":{},"s":{"0":0,"1":0},"f":{},"b":{},"hash":"c9c73e81081c53b67c0474248a78031ac4699416"}
,"C:\\Users\\Michael_Pretorius\\Desktop\\personal\\crwn-clothing\\client\\src\\serviceWorker.js": {"path":"C:\\Users\\Michael_Pretorius\\Desktop\\personal\\crwn-clothing\\client\\src\\serviceWorker.js","statementMap":{"0":{"start":{"line":13,"column":20},"end":{"line":21,"column":1}},"1":{"start":{"line":24,"column":2},"end":{"line":54,"column":3}},"2":{"start":{"line":26,"column":22},"end":{"line":26,"column":75}},"3":{"start":{"line":27,"column":4},"end":{"line":32,"column":5}},"4":{"start":{"line":31,"column":6},"end":{"line":31,"column":13}},"5":{"start":{"line":34,"column":4},"end":{"line":53,"column":7}},"6":{"start":{"line":35,"column":20},"end":{"line":35,"column":65}},"7":{"start":{"line":37,"column":6},"end":{"line":52,"column":7}},"8":{"start":{"line":39,"column":8},"end":{"line":39,"column":47}},"9":{"start":{"line":43,"column":8},"end":{"line":48,"column":11}},"10":{"start":{"line":44,"column":10},"end":{"line":47,"column":12}},"11":{"start":{"line":51,"column":8},"end":{"line":51,"column":39}},"12":{"start":{"line":58,"column":2},"end":{"line":98,"column":7}},"13":{"start":{"line":61,"column":6},"end":{"line":94,"column":8}},"14":{"start":{"line":62,"column":33},"end":{"line":62,"column":56}},"15":{"start":{"line":63,"column":8},"end":{"line":65,"column":9}},"16":{"start":{"line":64,"column":10},"end":{"line":64,"column":17}},"17":{"start":{"line":66,"column":8},"end":{"line":93,"column":10}},"18":{"start":{"line":67,"column":10},"end":{"line":92,"column":11}},"19":{"start":{"line":68,"column":12},"end":{"line":91,"column":13}},"20":{"start":{"line":72,"column":14},"end":{"line":75,"column":16}},"21":{"start":{"line":78,"column":14},"end":{"line":80,"column":15}},"22":{"start":{"line":79,"column":16},"end":{"line":79,"column":46}},"23":{"start":{"line":85,"column":14},"end":{"line":85,"column":64}},"24":{"start":{"line":88,"column":14},"end":{"line":90,"column":15}},"25":{"start":{"line":89,"column":16},"end":{"line":89,"column":47}},"26":{"start":{"line":97,"column":6},"end":{"line":97,"column":72}},"27":{"start":{"line":103,"column":2},"end":{"line":126,"column":7}},"28":{"start":{"line":106,"column":26},"end":{"line":106,"column":62}},"29":{"start":{"line":107,"column":6},"end":{"line":120,"column":7}},"30":{"start":{"line":112,"column":8},"end":{"line":116,"column":11}},"31":{"start":{"line":113,"column":10},"end":{"line":115,"column":13}},"32":{"start":{"line":114,"column":12},"end":{"line":114,"column":37}},"33":{"start":{"line":119,"column":8},"end":{"line":119,"column":39}},"34":{"start":{"line":123,"column":6},"end":{"line":125,"column":8}},"35":{"start":{"line":130,"column":2},"end":{"line":134,"column":3}},"36":{"start":{"line":131,"column":4},"end":{"line":133,"column":7}},"37":{"start":{"line":132,"column":6},"end":{"line":132,"column":32}}},"fnMap":{"0":{"name":"register","decl":{"start":{"line":23,"column":16},"end":{"line":23,"column":24}},"loc":{"start":{"line":23,"column":33},"end":{"line":55,"column":1}},"line":23},"1":{"name":"(anonymous_1)","decl":{"start":{"line":34,"column":36},"end":{"line":34,"column":37}},"loc":{"start":{"line":34,"column":42},"end":{"line":53,"column":5}},"line":34},"2":{"name":"(anonymous_2)","decl":{"start":{"line":43,"column":43},"end":{"line":43,"column":44}},"loc":{"start":{"line":43,"column":49},"end":{"line":48,"column":9}},"line":43},"3":{"name":"registerValidSW","decl":{"start":{"line":57,"column":9},"end":{"line":57,"column":24}},"loc":{"start":{"line":57,"column":40},"end":{"line":99,"column":1}},"line":57},"4":{"name":"(anonymous_4)","decl":{"start":{"line":60,"column":10},"end":{"line":60,"column":11}},"loc":{"start":{"line":60,"column":26},"end":{"line":95,"column":5}},"line":60},"5":{"name":"(anonymous_5)","decl":{"start":{"line":61,"column":35},"end":{"line":61,"column":36}},"loc":{"start":{"line":61,"column":41},"end":{"line":94,"column":7}},"line":61},"6":{"name":"(anonymous_6)","decl":{"start":{"line":66,"column":41},"end":{"line":66,"column":42}},"loc":{"start":{"line":66,"column":47},"end":{"line":93,"column":9}},"line":66},"7":{"name":"(anonymous_7)","decl":{"start":{"line":96,"column":11},"end":{"line":96,"column":12}},"loc":{"start":{"line":96,"column":20},"end":{"line":98,"column":5}},"line":96},"8":{"name":"checkValidServiceWorker","decl":{"start":{"line":101,"column":9},"end":{"line":101,"column":32}},"loc":{"start":{"line":101,"column":48},"end":{"line":127,"column":1}},"line":101},"9":{"name":"(anonymous_9)","decl":{"start":{"line":104,"column":10},"end":{"line":104,"column":11}},"loc":{"start":{"line":104,"column":22},"end":{"line":121,"column":5}},"line":104},"10":{"name":"(anonymous_10)","decl":{"start":{"line":112,"column":43},"end":{"line":112,"column":44}},"loc":{"start":{"line":112,"column":59},"end":{"line":116,"column":9}},"line":112},"11":{"name":"(anonymous_11)","decl":{"start":{"line":113,"column":41},"end":{"line":113,"column":42}},"loc":{"start":{"line":113,"column":47},"end":{"line":115,"column":11}},"line":113},"12":{"name":"(anonymous_12)","decl":{"start":{"line":122,"column":11},"end":{"line":122,"column":12}},"loc":{"start":{"line":122,"column":17},"end":{"line":126,"column":5}},"line":122},"13":{"name":"unregister","decl":{"start":{"line":129,"column":16},"end":{"line":129,"column":26}},"loc":{"start":{"line":129,"column":29},"end":{"line":135,"column":1}},"line":129},"14":{"name":"(anonymous_14)","decl":{"start":{"line":131,"column":39},"end":{"line":131,"column":40}},"loc":{"start":{"line":131,"column":55},"end":{"line":133,"column":5}},"line":131}},"branchMap":{"0":{"loc":{"start":{"line":14,"column":2},"end":{"line":20,"column":3}},"type":"binary-expr","locations":[{"start":{"line":14,"column":2},"end":{"line":14,"column":42}},{"start":{"line":16,"column":2},"end":{"line":16,"column":38}},{"start":{"line":18,"column":2},"end":{"line":20,"column":3}}],"line":14},"1":{"loc":{"start":{"line":24,"column":2},"end":{"line":54,"column":3}},"type":"if","locations":[{"start":{"line":24,"column":2},"end":{"line":54,"column":3}},{"start":{"line":24,"column":2},"end":{"line":54,"column":3}}],"line":24},"2":{"loc":{"start":{"line":24,"column":6},"end":{"line":24,"column":75}},"type":"binary-expr","locations":[{"start":{"line":24,"column":6},"end":{"line":24,"column":43}},{"start":{"line":24,"column":47},"end":{"line":24,"column":75}}],"line":24},"3":{"loc":{"start":{"line":27,"column":4},"end":{"line":32,"column":5}},"type":"if","locations":[{"start":{"line":27,"column":4},"end":{"line":32,"column":5}},{"start":{"line":27,"column":4},"end":{"line":32,"column":5}}],"line":27},"4":{"loc":{"start":{"line":37,"column":6},"end":{"line":52,"column":7}},"type":"if","locations":[{"start":{"line":37,"column":6},"end":{"line":52,"column":7}},{"start":{"line":37,"column":6},"end":{"line":52,"column":7}}],"line":37},"5":{"loc":{"start":{"line":63,"column":8},"end":{"line":65,"column":9}},"type":"if","locations":[{"start":{"line":63,"column":8},"end":{"line":65,"column":9}},{"start":{"line":63,"column":8},"end":{"line":65,"column":9}}],"line":63},"6":{"loc":{"start":{"line":67,"column":10},"end":{"line":92,"column":11}},"type":"if","locations":[{"start":{"line":67,"column":10},"end":{"line":92,"column":11}},{"start":{"line":67,"column":10},"end":{"line":92,"column":11}}],"line":67},"7":{"loc":{"start":{"line":68,"column":12},"end":{"line":91,"column":13}},"type":"if","locations":[{"start":{"line":68,"column":12},"end":{"line":91,"column":13}},{"start":{"line":68,"column":12},"end":{"line":91,"column":13}}],"line":68},"8":{"loc":{"start":{"line":78,"column":14},"end":{"line":80,"column":15}},"type":"if","locations":[{"start":{"line":78,"column":14},"end":{"line":80,"column":15}},{"start":{"line":78,"column":14},"end":{"line":80,"column":15}}],"line":78},"9":{"loc":{"start":{"line":78,"column":18},"end":{"line":78,"column":43}},"type":"binary-expr","locations":[{"start":{"line":78,"column":18},"end":{"line":78,"column":24}},{"start":{"line":78,"column":28},"end":{"line":78,"column":43}}],"line":78},"10":{"loc":{"start":{"line":88,"column":14},"end":{"line":90,"column":15}},"type":"if","locations":[{"start":{"line":88,"column":14},"end":{"line":90,"column":15}},{"start":{"line":88,"column":14},"end":{"line":90,"column":15}}],"line":88},"11":{"loc":{"start":{"line":88,"column":18},"end":{"line":88,"column":44}},"type":"binary-expr","locations":[{"start":{"line":88,"column":18},"end":{"line":88,"column":24}},{"start":{"line":88,"column":28},"end":{"line":88,"column":44}}],"line":88},"12":{"loc":{"start":{"line":107,"column":6},"end":{"line":120,"column":7}},"type":"if","locations":[{"start":{"line":107,"column":6},"end":{"line":120,"column":7}},{"start":{"line":107,"column":6},"end":{"line":120,"column":7}}],"line":107},"13":{"loc":{"start":{"line":108,"column":8},"end":{"line":109,"column":73}},"type":"binary-expr","locations":[{"start":{"line":108,"column":8},"end":{"line":108,"column":31}},{"start":{"line":109,"column":9},"end":{"line":109,"column":28}},{"start":{"line":109,"column":32},"end":{"line":109,"column":72}}],"line":108},"14":{"loc":{"start":{"line":130,"column":2},"end":{"line":134,"column":3}},"type":"if","locations":[{"start":{"line":130,"column":2},"end":{"line":134,"column":3}},{"start":{"line":130,"column":2},"end":{"line":134,"column":3}}],"line":130}},"s":{"0":0,"1":0,"2":0,"3":0,"4":0,"5":0,"6":0,"7":0,"8":0,"9":0,"10":0,"11":0,"12":0,"13":0,"14":0,"15":0,"16":0,"17":0,"18":0,"19":0,"20":0,"21":0,"22":0,"23":0,"24":0,"25":0,"26":0,"27":0,"28":0,"29":0,"30":0,"31":0,"32":0,"33":0,"34":0,"35":0,"36":0,"37":0},"f":{"0":0,"1":0,"2":0,"3":0,"4":0,"5":0,"6":0,"7":0,"8":0,"9":0,"10":0,"11":0,"12":0,"13":0,"14":0},"b":{"0":[0,0,0],"1":[0,0],"2":[0,0],"3":[0,0],"4":[0,0],"5":[0,0],"6":[0,0],"7":[0,0],"8":[0,0],"9":[0,0],"10":[0,0],"11":[0,0],"12":[0,0],"13":[0,0,0],"14":[0,0]},"hash":"7657adf6b1cbeac7ee372df34b59e1de41a3f594"}
,"C:\\Users\\Michael_Pretorius\\Desktop\\personal\\crwn-clothing\\client\\src\\components\\CartDropdown\\CartDropdown.jsx": {"path":"C:\\Users\\Michael_Pretorius\\Desktop\\personal\\crwn-clothing\\client\\src\\components\\CartDropdown\\CartDropdown.jsx","statementMap":{"0":{"start":{"line":11,"column":28},"end":{"line":31,"column":1}},"1":{"start":{"line":12,"column":2},"end":{"line":30,"column":4}},"2":{"start":{"line":18,"column":14},"end":{"line":18,"column":60}},"3":{"start":{"line":24,"column":8},"end":{"line":24,"column":34}},"4":{"start":{"line":25,"column":8},"end":{"line":25,"column":27}},"5":{"start":{"line":33,"column":24},"end":{"line":35,"column":2}}},"fnMap":{"0":{"name":"(anonymous_0)","decl":{"start":{"line":11,"column":28},"end":{"line":11,"column":29}},"loc":{"start":{"line":11,"column":74},"end":{"line":31,"column":1}},"line":11},"1":{"name":"(anonymous_1)","decl":{"start":{"line":17,"column":26},"end":{"line":17,"column":27}},"loc":{"start":{"line":18,"column":14},"end":{"line":18,"column":60}},"line":18},"2":{"name":"(anonymous_2)","decl":{"start":{"line":23,"column":35},"end":{"line":23,"column":36}},"loc":{"start":{"line":23,"column":41},"end":{"line":26,"column":7}},"line":23}},"branchMap":{"0":{"loc":{"start":{"line":16,"column":10},"end":{"line":20,"column":79}},"type":"cond-expr","locations":[{"start":{"line":17,"column":12},"end":{"line":19,"column":14}},{"start":{"line":20,"column":13},"end":{"line":20,"column":78}}],"line":16}},"s":{"0":2,"1":5,"2":12,"3":1,"4":1,"5":2},"f":{"0":5,"1":12,"2":1},"b":{"0":[4,1]},"_coverageSchema":"43e27e138ebf9cfc5966b082cf9a028302ed4184","hash":"8920f2eb42807930577a9754a923e4116576ed38"}
,"C:\\Users\\Michael_Pretorius\\Desktop\\personal\\crwn-clothing\\client\\src\\components\\CartDropdown\\CartDropdown.styles.jsx": {"path":"C:\\Users\\Michael_Pretorius\\Desktop\\personal\\crwn-clothing\\client\\src\\components\\CartDropdown\\CartDropdown.styles.jsx","statementMap":{"0":{"start":{"line":4,"column":37},"end":{"line":16,"column":1}},"1":{"start":{"line":18,"column":34},"end":{"line":23,"column":1}},"2":{"start":{"line":25,"column":37},"end":{"line":28,"column":1}},"3":{"start":{"line":29,"column":0},"end":{"line":29,"column":60}},"4":{"start":{"line":31,"column":34},"end":{"line":33,"column":1}},"5":{"start":{"line":34,"column":0},"end":{"line":34,"column":54}}},"fnMap":{},"branchMap":{},"s":{"0":2,"1":2,"2":2,"3":2,"4":2,"5":2},"f":{},"b":{},"_coverageSchema":"43e27e138ebf9cfc5966b082cf9a028302ed4184","hash":"fa261efd6d2eef741165189d8ef93f93ede48fe2"}
,"C:\\Users\\Michael_Pretorius\\Desktop\\personal\\crwn-clothing\\client\\src\\components\\CartIcon\\CartIcon.jsx": {"path":"C:\\Users\\Michael_Pretorius\\Desktop\\personal\\crwn-clothing\\client\\src\\components\\CartIcon\\CartIcon.jsx","statementMap":{"0":{"start":{"line":9,"column":24},"end":{"line":16,"column":1}},"1":{"start":{"line":10,"column":2},"end":{"line":15,"column":4}},"2":{"start":{"line":18,"column":24},"end":{"line":20,"column":2}}},"fnMap":{"0":{"name":"(anonymous_0)","decl":{"start":{"line":9,"column":24},"end":{"line":9,"column":25}},"loc":{"start":{"line":9,"column":61},"end":{"line":16,"column":1}},"line":9}},"branchMap":{},"s":{"0":2,"1":3,"2":2},"f":{"0":3},"b":{},"_coverageSchema":"43e27e138ebf9cfc5966b082cf9a028302ed4184","hash":"155377f497d64854871ea23c5196e9cee26792bb"}
,"C:\\Users\\Michael_Pretorius\\Desktop\\personal\\crwn-clothing\\client\\src\\components\\CartIcon\\CartIcon.styles.jsx": {"path":"C:\\Users\\Michael_Pretorius\\Desktop\\personal\\crwn-clothing\\client\\src\\components\\CartIcon\\CartIcon.styles.jsx","statementMap":{"0":{"start":{"line":4,"column":33},"end":{"line":12,"column":1}},"1":{"start":{"line":13,"column":0},"end":{"line":13,"column":52}},"2":{"start":{"line":15,"column":34},"end":{"line":20,"column":1}},"3":{"start":{"line":21,"column":0},"end":{"line":21,"column":54}},"4":{"start":{"line":23,"column":37},"end":{"line":26,"column":1}}},"fnMap":{},"branchMap":{},"s":{"0":2,"1":2,"2":2,"3":2,"4":2},"f":{},"b":{},"_coverageSchema":"43e27e138ebf9cfc5966b082cf9a028302ed4184","hash":"f6e34ceadea5d139f8081048980b292644df59a2"}
,"C:\\Users\\Michael_Pretorius\\Desktop\\personal\\crwn-clothing\\client\\src\\components\\CartItem\\CartItem.jsx": {"path":"C:\\Users\\Michael_Pretorius\\Desktop\\personal\\crwn-clothing\\client\\src\\components\\CartItem\\CartItem.jsx","statementMap":{"0":{"start":{"line":5,"column":17},"end":{"line":17,"column":1}},"1":{"start":{"line":6,"column":2},"end":{"line":16,"column":4}}},"fnMap":{"0":{"name":"(anonymous_0)","decl":{"start":{"line":5,"column":17},"end":{"line":5,"column":18}},"loc":{"start":{"line":5,"column":68},"end":{"line":17,"column":1}},"line":5}},"branchMap":{},"s":{"0":3,"1":1},"f":{"0":1},"b":{},"_coverageSchema":"43e27e138ebf9cfc5966b082cf9a028302ed4184","hash":"0620d74da262679d3be6690fa8420f68237bcbc2"}
,"C:\\Users\\Michael_Pretorius\\Desktop\\personal\\crwn-clothing\\client\\src\\components\\CartItem\\CartItem.styles.jsx": {"path":"C:\\Users\\Michael_Pretorius\\Desktop\\personal\\crwn-clothing\\client\\src\\components\\CartItem\\CartItem.styles.jsx","statementMap":{"0":{"start":{"line":3,"column":33},"end":{"line":8,"column":1}},"1":{"start":{"line":10,"column":36},"end":{"line":17,"column":1}},"2":{"start":{"line":19,"column":28},"end":{"line":21,"column":1}},"3":{"start":{"line":23,"column":29},"end":{"line":25,"column":1}}},"fnMap":{},"branchMap":{},"s":{"0":3,"1":3,"2":3,"3":3},"f":{},"b":{},"_coverageSchema":"43e27e138ebf9cfc5966b082cf9a028302ed4184","hash":"633bad343d4d3dce193040784d47c2312b9c6a6e"}
,"C:\\Users\\Michael_Pretorius\\Desktop\\personal\\crwn-clothing\\client\\src\\components\\CheckoutItem\\CheckoutItem.jsx": {"path":"C:\\Users\\Michael_Pretorius\\Desktop\\personal\\crwn-clothing\\client\\src\\components\\CheckoutItem\\CheckoutItem.jsx","statementMap":{"0":{"start":{"line":7,"column":28},"end":{"line":31,"column":1}},"1":{"start":{"line":8,"column":46},"end":{"line":8,"column":54}},"2":{"start":{"line":10,"column":2},"end":{"line":30,"column":4}},"3":{"start":{"line":17,"column":28},"end":{"line":17,"column":48}},"4":{"start":{"line":21,"column":28},"end":{"line":21,"column":45}},"5":{"start":{"line":26,"column":44},"end":{"line":26,"column":71}}},"fnMap":{"0":{"name":"(anonymous_0)","decl":{"start":{"line":7,"column":28},"end":{"line":7,"column":29}},"loc":{"start":{"line":7,"column":86},"end":{"line":31,"column":1}},"line":7},"1":{"name":"(anonymous_1)","decl":{"start":{"line":17,"column":22},"end":{"line":17,"column":23}},"loc":{"start":{"line":17,"column":28},"end":{"line":17,"column":48}},"line":17},"2":{"name":"(anonymous_2)","decl":{"start":{"line":21,"column":22},"end":{"line":21,"column":23}},"loc":{"start":{"line":21,"column":28},"end":{"line":21,"column":45}},"line":21},"3":{"name":"(anonymous_3)","decl":{"start":{"line":26,"column":38},"end":{"line":26,"column":39}},"loc":{"start":{"line":26,"column":44},"end":{"line":26,"column":71}},"line":26}},"branchMap":{},"s":{"0":2,"1":4,"2":4,"3":1,"4":1,"5":1},"f":{"0":4,"1":1,"2":1,"3":1},"b":{},"_coverageSchema":"43e27e138ebf9cfc5966b082cf9a028302ed4184","hash":"91c20253703c2b3239a7c8c889ef2809f385efe3"}
,"C:\\Users\\Michael_Pretorius\\Desktop\\personal\\crwn-clothing\\client\\src\\components\\CheckoutItem\\CheckoutItem.styles.jsx": {"path":"C:\\Users\\Michael_Pretorius\\Desktop\\personal\\crwn-clothing\\client\\src\\components\\CheckoutItem\\CheckoutItem.styles.jsx","statementMap":{"0":{"start":{"line":3,"column":37},"end":{"line":15,"column":1}},"1":{"start":{"line":17,"column":30},"end":{"line":25,"column":1}},"2":{"start":{"line":27,"column":29},"end":{"line":33,"column":1}},"3":{"start":{"line":35,"column":33},"end":{"line":45,"column":1}},"4":{"start":{"line":46,"column":0},"end":{"line":46,"column":52}},"5":{"start":{"line":48,"column":37},"end":{"line":51,"column":1}},"6":{"start":{"line":52,"column":0},"end":{"line":52,"column":60}}},"fnMap":{},"branchMap":{},"s":{"0":2,"1":2,"2":2,"3":2,"4":2,"5":2,"6":2},"f":{},"b":{},"_coverageSchema":"43e27e138ebf9cfc5966b082cf9a028302ed4184","hash":"d8b92682c952e85b444f704e6733b57d0a878398"}
,"C:\\Users\\Michael_Pretorius\\Desktop\\personal\\crwn-clothing\\client\\src\\components\\CollectionItem\\CollectionItem.jsx": {"path":"C:\\Users\\Michael_Pretorius\\Desktop\\personal\\crwn-clothing\\client\\src\\components\\CollectionItem\\CollectionItem.jsx","statementMap":{"0":{"start":{"line":14,"column":30},"end":{"line":29,"column":1}},"1":{"start":{"line":15,"column":36},"end":{"line":15,"column":40}},"2":{"start":{"line":17,"column":2},"end":{"line":28,"column":4}},"3":{"start":{"line":24,"column":47},"end":{"line":24,"column":60}}},"fnMap":{"0":{"name":"(anonymous_0)","decl":{"start":{"line":14,"column":30},"end":{"line":14,"column":31}},"loc":{"start":{"line":14,"column":53},"end":{"line":29,"column":1}},"line":14},"1":{"name":"(anonymous_1)","decl":{"start":{"line":24,"column":41},"end":{"line":24,"column":42}},"loc":{"start":{"line":24,"column":47},"end":{"line":24,"column":60}},"line":24}},"branchMap":{},"s":{"0":4,"1":5,"2":5,"3":1},"f":{"0":5,"1":1},"b":{},"_coverageSchema":"43e27e138ebf9cfc5966b082cf9a028302ed4184","hash":"43861b81a64c8ee9aa0e2223ba9ee6806c7205c5"}
,"C:\\Users\\Michael_Pretorius\\Desktop\\personal\\crwn-clothing\\client\\src\\components\\CollectionItem\\CollectionItem.styles.jsx": {"path":"C:\\Users\\Michael_Pretorius\\Desktop\\personal\\crwn-clothing\\client\\src\\components\\CollectionItem\\CollectionItem.styles.jsx","statementMap":{"0":{"start":{"line":4,"column":39},"end":{"line":36,"column":1}},"1":{"start":{"line":37,"column":0},"end":{"line":37,"column":64}},"2":{"start":{"line":39,"column":31},"end":{"line":46,"column":1}},"3":{"start":{"line":45,"column":40},"end":{"line":45,"column":58}},"4":{"start":{"line":47,"column":0},"end":{"line":47,"column":48}},"5":{"start":{"line":49,"column":41},"end":{"line":55,"column":1}},"6":{"start":{"line":56,"column":0},"end":{"line":56,"column":68}},"7":{"start":{"line":58,"column":29},"end":{"line":61,"column":1}},"8":{"start":{"line":62,"column":0},"end":{"line":62,"column":44}},"9":{"start":{"line":64,"column":30},"end":{"line":67,"column":1}},"10":{"start":{"line":68,"column":0},"end":{"line":68,"column":46}},"11":{"start":{"line":70,"column":31},"end":{"line":83,"column":1}},"12":{"start":{"line":84,"column":0},"end":{"line":84,"column":48}}},"fnMap":{"0":{"name":"(anonymous_0)","decl":{"start":{"line":45,"column":22},"end":{"line":45,"column":23}},"loc":{"start":{"line":45,"column":40},"end":{"line":45,"column":58}},"line":45}},"branchMap":{},"s":{"0":4,"1":4,"2":4,"3":0,"4":4,"5":4,"6":4,"7":4,"8":4,"9":4,"10":4,"11":4,"12":4},"f":{"0":0},"b":{},"_coverageSchema":"43e27e138ebf9cfc5966b082cf9a028302ed4184","hash":"6a7b6af035b632675a54f87b443491fbc001f98f"}
,"C:\\Users\\Michael_Pretorius\\Desktop\\personal\\crwn-clothing\\client\\src\\components\\CollectionPreview\\CollectionPreview.jsx": {"path":"C:\\Users\\Michael_Pretorius\\Desktop\\personal\\crwn-clothing\\client\\src\\components\\CollectionPreview\\CollectionPreview.jsx","statementMap":{"0":{"start":{"line":11,"column":33},"end":{"line":27,"column":1}},"1":{"start":{"line":12,"column":2},"end":{"line":26,"column":4}},"2":{"start":{"line":14,"column":37},"end":{"line":14,"column":79}},"3":{"start":{"line":19,"column":35},"end":{"line":19,"column":44}},"4":{"start":{"line":21,"column":12},"end":{"line":21,"column":56}}},"fnMap":{"0":{"name":"(anonymous_0)","decl":{"start":{"line":11,"column":33},"end":{"line":11,"column":34}},"loc":{"start":{"line":11,"column":82},"end":{"line":27,"column":1}},"line":11},"1":{"name":"(anonymous_1)","decl":{"start":{"line":14,"column":31},"end":{"line":14,"column":32}},"loc":{"start":{"line":14,"column":37},"end":{"line":14,"column":79}},"line":14},"2":{"name":"(anonymous_2)","decl":{"start":{"line":19,"column":18},"end":{"line":19,"column":19}},"loc":{"start":{"line":19,"column":35},"end":{"line":19,"column":44}},"line":19},"3":{"name":"(anonymous_3)","decl":{"start":{"line":20,"column":15},"end":{"line":20,"column":16}},"loc":{"start":{"line":21,"column":12},"end":{"line":21,"column":56}},"line":21}},"branchMap":{},"s":{"0":2,"1":2,"2":1,"3":0,"4":0},"f":{"0":2,"1":1,"2":0,"3":0},"b":{},"_coverageSchema":"43e27e138ebf9cfc5966b082cf9a028302ed4184","hash":"4ed7add023c42495e91c29ab5c6e7d84331222bb"}
,"C:\\Users\\Michael_Pretorius\\Desktop\\personal\\crwn-clothing\\client\\src\\components\\CollectionPreview\\CollectionPreview.styles.jsx": {"path":"C:\\Users\\Michael_Pretorius\\Desktop\\personal\\crwn-clothing\\client\\src\\components\\CollectionPreview\\CollectionPreview.styles.jsx","statementMap":{"0":{"start":{"line":3,"column":42},"end":{"line":11,"column":1}},"1":{"start":{"line":13,"column":30},"end":{"line":21,"column":1}},"2":{"start":{"line":23,"column":0},"end":{"line":23,"column":46}},"3":{"start":{"line":25,"column":32},"end":{"line":35,"column":1}}},"fnMap":{},"branchMap":{},"s":{"0":2,"1":2,"2":2,"3":2},"f":{},"b":{},"_coverageSchema":"43e27e138ebf9cfc5966b082cf9a028302ed4184","hash":"8612e2c21f3631db1b4753e0cd859e4e609b7b3b"}
,"C:\\Users\\Michael_Pretorius\\Desktop\\personal\\crwn-clothing\\client\\src\\components\\CollectionsOverview\\CollectionsOverview.container.jsx": {"path":"C:\\Users\\Michael_Pretorius\\Desktop\\personal\\crwn-clothing\\client\\src\\components\\CollectionsOverview\\CollectionsOverview.container.jsx","statementMap":{"0":{"start":{"line":9,"column":24},"end":{"line":11,"column":2}},"1":{"start":{"line":13,"column":37},"end":{"line":16,"column":22}}},"fnMap":{},"branchMap":{},"s":{"0":0,"1":0},"f":{},"b":{},"hash":"b15e2277b4a40b4426f2a02eb3bae3b8c135d393"}
,"C:\\Users\\Michael_Pretorius\\Desktop\\personal\\crwn-clothing\\client\\src\\components\\CollectionsOverview\\CollectionsOverview.jsx": {"path":"C:\\Users\\Michael_Pretorius\\Desktop\\personal\\crwn-clothing\\client\\src\\components\\CollectionsOverview\\CollectionsOverview.jsx","statementMap":{"0":{"start":{"line":9,"column":35},"end":{"line":17,"column":1}},"1":{"start":{"line":10,"column":2},"end":{"line":16,"column":4}},"2":{"start":{"line":13,"column":8},"end":{"line":13,"column":49}},"3":{"start":{"line":19,"column":24},"end":{"line":21,"column":2}}},"fnMap":{"0":{"name":"(anonymous_0)","decl":{"start":{"line":9,"column":35},"end":{"line":9,"column":36}},"loc":{"start":{"line":9,"column":56},"end":{"line":17,"column":1}},"line":9},"1":{"name":"(anonymous_1)","decl":{"start":{"line":12,"column":23},"end":{"line":12,"column":24}},"loc":{"start":{"line":13,"column":8},"end":{"line":13,"column":49}},"line":13}},"branchMap":{},"s":{"0":1,"1":1,"2":0,"3":1},"f":{"0":1,"1":0},"b":{},"_coverageSchema":"43e27e138ebf9cfc5966b082cf9a028302ed4184","hash":"749cf3fc38e2310b29bd6c83a81e4530b838bdf4"}
,"C:\\Users\\Michael_Pretorius\\Desktop\\personal\\crwn-clothing\\client\\src\\components\\CollectionsOverview\\CollectionsOverview.styles.jsx": {"path":"C:\\Users\\Michael_Pretorius\\Desktop\\personal\\crwn-clothing\\client\\src\\components\\CollectionsOverview\\CollectionsOverview.styles.jsx","statementMap":{"0":{"start":{"line":3,"column":44},"end":{"line":6,"column":1}}},"fnMap":{},"branchMap":{},"s":{"0":1},"f":{},"b":{},"_coverageSchema":"43e27e138ebf9cfc5966b082cf9a028302ed4184","hash":"06fdbef3f72225036140e88ac148edf129e418aa"}
,"C:\\Users\\Michael_Pretorius\\Desktop\\personal\\crwn-clothing\\client\\src\\components\\CustomButton\\CustomButton.jsx": {"path":"C:\\Users\\Michael_Pretorius\\Desktop\\personal\\crwn-clothing\\client\\src\\components\\CustomButton\\CustomButton.jsx","statementMap":{"0":{"start":{"line":5,"column":28},"end":{"line":11,"column":1}},"1":{"start":{"line":6,"column":2},"end":{"line":10,"column":4}}},"fnMap":{"0":{"name":"(anonymous_0)","decl":{"start":{"line":5,"column":28},"end":{"line":5,"column":29}},"loc":{"start":{"line":5,"column":56},"end":{"line":11,"column":1}},"line":5}},"branchMap":{},"s":{"0":8,"1":1},"f":{"0":1},"b":{},"_coverageSchema":"43e27e138ebf9cfc5966b082cf9a028302ed4184","hash":"5dcd224bf3623be458cb61319992289552531a42"}
,"C:\\Users\\Michael_Pretorius\\Desktop\\personal\\crwn-clothing\\client\\src\\components\\CustomButton\\CustomButton.style.jsx": {"path":"C:\\Users\\Michael_Pretorius\\Desktop\\personal\\crwn-clothing\\client\\src\\components\\CustomButton\\CustomButton.style.jsx","statementMap":{"0":{"start":{"line":3,"column":21},"end":{"line":13,"column":1}},"1":{"start":{"line":15,"column":29},"end":{"line":25,"column":1}},"2":{"start":{"line":27,"column":27},"end":{"line":35,"column":1}},"3":{"start":{"line":37,"column":24},"end":{"line":43,"column":1}},"4":{"start":{"line":38,"column":2},"end":{"line":40,"column":3}},"5":{"start":{"line":39,"column":4},"end":{"line":39,"column":30}},"6":{"start":{"line":42,"column":2},"end":{"line":42,"column":62}},"7":{"start":{"line":45,"column":37},"end":{"line":61,"column":1}}},"fnMap":{"0":{"name":"(anonymous_0)","decl":{"start":{"line":37,"column":24},"end":{"line":37,"column":25}},"loc":{"start":{"line":37,"column":33},"end":{"line":43,"column":1}},"line":37}},"branchMap":{"0":{"loc":{"start":{"line":38,"column":2},"end":{"line":40,"column":3}},"type":"if","locations":[{"start":{"line":38,"column":2},"end":{"line":40,"column":3}},{"start":{"line":38,"column":2},"end":{"line":40,"column":3}}],"line":38},"1":{"loc":{"start":{"line":42,"column":9},"end":{"line":42,"column":61}},"type":"cond-expr","locations":[{"start":{"line":42,"column":26},"end":{"line":42,"column":46}},{"start":{"line":42,"column":49},"end":{"line":42,"column":61}}],"line":42}},"s":{"0":8,"1":8,"2":8,"3":8,"4":0,"5":0,"6":0,"7":8},"f":{"0":0},"b":{"0":[0,0],"1":[0,0]},"_coverageSchema":"43e27e138ebf9cfc5966b082cf9a028302ed4184","hash":"56065e15acb84c96b45c328f713a72efbbc950a8"}
,"C:\\Users\\Michael_Pretorius\\Desktop\\personal\\crwn-clothing\\client\\src\\components\\Directory\\Directory.jsx": {"path":"C:\\Users\\Michael_Pretorius\\Desktop\\personal\\crwn-clothing\\client\\src\\components\\Directory\\Directory.jsx","statementMap":{"0":{"start":{"line":9,"column":25},"end":{"line":17,"column":1}},"1":{"start":{"line":10,"column":2},"end":{"line":16,"column":4}},"2":{"start":{"line":13,"column":8},"end":{"line":13,"column":40}},"3":{"start":{"line":19,"column":24},"end":{"line":21,"column":2}}},"fnMap":{"0":{"name":"(anonymous_0)","decl":{"start":{"line":9,"column":25},"end":{"line":9,"column":26}},"loc":{"start":{"line":9,"column":43},"end":{"line":17,"column":1}},"line":9},"1":{"name":"(anonymous_1)","decl":{"start":{"line":12,"column":20},"end":{"line":12,"column":21}},"loc":{"start":{"line":13,"column":8},"end":{"line":13,"column":40}},"line":13}},"branchMap":{},"s":{"0":2,"1":1,"2":0,"3":2},"f":{"0":1,"1":0},"b":{},"_coverageSchema":"43e27e138ebf9cfc5966b082cf9a028302ed4184","hash":"57885717d0b0c167865cf12f562a8e3eea958729"}
,"C:\\Users\\Michael_Pretorius\\Desktop\\personal\\crwn-clothing\\client\\src\\components\\Directory\\Directory.styles.jsx": {"path":"C:\\Users\\Michael_Pretorius\\Desktop\\personal\\crwn-clothing\\client\\src\\components\\Directory\\Directory.styles.jsx","statementMap":{"0":{"start":{"line":3,"column":38},"end":{"line":8,"column":1}}},"fnMap":{},"branchMap":{},"s":{"0":2},"f":{},"b":{},"_coverageSchema":"43e27e138ebf9cfc5966b082cf9a028302ed4184","hash":"da583e5f638462862d00318da5f65d24bbaa603d"}
,"C:\\Users\\Michael_Pretorius\\Desktop\\personal\\crwn-clothing\\client\\src\\components\\ErrorBoundary\\ErrorBoundary.jsx": {"path":"C:\\Users\\Michael_Pretorius\\Desktop\\personal\\crwn-clothing\\client\\src\\components\\ErrorBoundary\\ErrorBoundary.jsx","statementMap":{"0":{"start":{"line":7,"column":10},"end":{"line":9,"column":3}},"1":{"start":{"line":13,"column":4},"end":{"line":15,"column":6}},"2":{"start":{"line":19,"column":4},"end":{"line":19,"column":23}},"3":{"start":{"line":23,"column":4},"end":{"line":30,"column":5}},"4":{"start":{"line":24,"column":6},"end":{"line":29,"column":8}},"5":{"start":{"line":32,"column":4},"end":{"line":32,"column":31}}},"fnMap":{"0":{"name":"(anonymous_0)","decl":{"start":{"line":11,"column":2},"end":{"line":11,"column":3}},"loc":{"start":{"line":11,"column":41},"end":{"line":16,"column":3}},"line":11},"1":{"name":"(anonymous_1)","decl":{"start":{"line":18,"column":2},"end":{"line":18,"column":3}},"loc":{"start":{"line":18,"column":33},"end":{"line":20,"column":3}},"line":18},"2":{"name":"(anonymous_2)","decl":{"start":{"line":22,"column":2},"end":{"line":22,"column":3}},"loc":{"start":{"line":22,"column":11},"end":{"line":33,"column":3}},"line":22}},"branchMap":{"0":{"loc":{"start":{"line":23,"column":4},"end":{"line":30,"column":5}},"type":"if","locations":[{"start":{"line":23,"column":4},"end":{"line":30,"column":5}},{"start":{"line":23,"column":4},"end":{"line":30,"column":5}}],"line":23}},"s":{"0":0,"1":0,"2":0,"3":0,"4":0,"5":0},"f":{"0":0,"1":0,"2":0},"b":{"0":[0,0]},"hash":"7ed7edb06ce6d56ab004dfd42917399f98e7bfb9"}
,"C:\\Users\\Michael_Pretorius\\Desktop\\personal\\crwn-clothing\\client\\src\\components\\ErrorBoundary\\ErrorBoundary.styles.js": {"path":"C:\\Users\\Michael_Pretorius\\Desktop\\personal\\crwn-clothing\\client\\src\\components\\ErrorBoundary\\ErrorBoundary.styles.js","statementMap":{"0":{"start":{"line":3,"column":33},"end":{"line":10,"column":1}},"1":{"start":{"line":12,"column":35},"end":{"line":19,"column":1}},"2":{"start":{"line":14,"column":40},"end":{"line":14,"column":58}},"3":{"start":{"line":21,"column":30},"end":{"line":24,"column":1}}},"fnMap":{"0":{"name":"(anonymous_0)","decl":{"start":{"line":14,"column":22},"end":{"line":14,"column":23}},"loc":{"start":{"line":14,"column":40},"end":{"line":14,"column":58}},"line":14}},"branchMap":{},"s":{"0":0,"1":0,"2":0,"3":0},"f":{"0":0},"b":{},"hash":"5082e46773e63599e0e65d1f6a70e4804ca0838e"}
,"C:\\Users\\Michael_Pretorius\\Desktop\\personal\\crwn-clothing\\client\\src\\components\\FormInput\\FormInput.jsx": {"path":"C:\\Users\\Michael_Pretorius\\Desktop\\personal\\crwn-clothing\\client\\src\\components\\FormInput\\FormInput.jsx","statementMap":{"0":{"start":{"line":5,"column":18},"end":{"line":16,"column":1}},"1":{"start":{"line":6,"column":2},"end":{"line":15,"column":4}}},"fnMap":{"0":{"name":"(anonymous_0)","decl":{"start":{"line":5,"column":18},"end":{"line":5,"column":19}},"loc":{"start":{"line":5,"column":57},"end":{"line":16,"column":1}},"line":5}},"branchMap":{"0":{"loc":{"start":{"line":9,"column":7},"end":{"line":13,"column":14}},"type":"cond-expr","locations":[{"start":{"line":10,"column":8},"end":{"line":12,"column":25}},{"start":{"line":13,"column":10},"end":{"line":13,"column":14}}],"line":9},"1":{"loc":{"start":{"line":10,"column":38},"end":{"line":10,"column":72}},"type":"cond-expr","locations":[{"start":{"line":10,"column":59},"end":{"line":10,"column":67}},{"start":{"line":10,"column":70},"end":{"line":10,"column":72}}],"line":10}},"s":{"0":2,"1":5},"f":{"0":5},"b":{"0":[4,1],"1":[4,0]},"_coverageSchema":"43e27e138ebf9cfc5966b082cf9a028302ed4184","hash":"d4b135613bfc04f79f59324487580b160c01436a"}
,"C:\\Users\\Michael_Pretorius\\Desktop\\personal\\crwn-clothing\\client\\src\\components\\FormInput\\FormInput.styles.jsx": {"path":"C:\\Users\\Michael_Pretorius\\Desktop\\personal\\crwn-clothing\\client\\src\\components\\FormInput\\FormInput.styles.jsx","statementMap":{"0":{"start":{"line":3,"column":17},"end":{"line":3,"column":23}},"1":{"start":{"line":4,"column":18},"end":{"line":4,"column":25}},"2":{"start":{"line":6,"column":26},"end":{"line":10,"column":1}},"3":{"start":{"line":12,"column":30},"end":{"line":15,"column":1}},"4":{"start":{"line":17,"column":34},"end":{"line":37,"column":1}},"5":{"start":{"line":38,"column":0},"end":{"line":38,"column":54}},"6":{"start":{"line":40,"column":30},"end":{"line":53,"column":1}},"7":{"start":{"line":54,"column":0},"end":{"line":54,"column":46}}},"fnMap":{},"branchMap":{},"s":{"0":2,"1":2,"2":2,"3":2,"4":2,"5":2,"6":2,"7":2},"f":{},"b":{},"_coverageSchema":"43e27e138ebf9cfc5966b082cf9a028302ed4184","hash":"6cbe8f9d2b9c0c940743318a6e5035222ae6e2ca"}
,"C:\\Users\\Michael_Pretorius\\Desktop\\personal\\crwn-clothing\\client\\src\\components\\Header\\Header.jsx": {"path":"C:\\Users\\Michael_Pretorius\\Desktop\\personal\\crwn-clothing\\client\\src\\components\\Header\\Header.jsx","statementMap":{"0":{"start":{"line":13,"column":22},"end":{"line":39,"column":1}},"1":{"start":{"line":14,"column":2},"end":{"line":38,"column":4}},"2":{"start":{"line":28,"column":48},"end":{"line":28,"column":62}},"3":{"start":{"line":41,"column":24},"end":{"line":44,"column":2}}},"fnMap":{"0":{"name":"(anonymous_0)","decl":{"start":{"line":13,"column":22},"end":{"line":13,"column":23}},"loc":{"start":{"line":13,"column":51},"end":{"line":39,"column":1}},"line":13},"1":{"name":"(anonymous_1)","decl":{"start":{"line":28,"column":42},"end":{"line":28,"column":43}},"loc":{"start":{"line":28,"column":48},"end":{"line":28,"column":62}},"line":28}},"branchMap":{"0":{"loc":{"start":{"line":27,"column":10},"end":{"line":30,"column":57}},"type":"cond-expr","locations":[{"start":{"line":28,"column":12},"end":{"line":28,"column":85}},{"start":{"line":30,"column":12},"end":{"line":30,"column":57}}],"line":27},"1":{"loc":{"start":{"line":35,"column":8},"end":{"line":35,"column":40}},"type":"cond-expr","locations":[{"start":{"line":35,"column":17},"end":{"line":35,"column":21}},{"start":{"line":35,"column":24},"end":{"line":35,"column":40}}],"line":35}},"s":{"0":1,"1":7,"2":0,"3":1},"f":{"0":7,"1":0},"b":{"0":[5,2],"1":[6,1]},"_coverageSchema":"43e27e138ebf9cfc5966b082cf9a028302ed4184","hash":"03374f1d7f6a3a937d9e185ede8d62cc4d2321b0"}
,"C:\\Users\\Michael_Pretorius\\Desktop\\personal\\crwn-clothing\\client\\src\\components\\Header\\Header.styles.jsx": {"path":"C:\\Users\\Michael_Pretorius\\Desktop\\personal\\crwn-clothing\\client\\src\\components\\Header\\Header.styles.jsx","statementMap":{"0":{"start":{"line":4,"column":31},"end":{"line":16,"column":1}},"1":{"start":{"line":18,"column":29},"end":{"line":27,"column":1}},"2":{"start":{"line":29,"column":32},"end":{"line":39,"column":1}},"3":{"start":{"line":41,"column":26},"end":{"line":44,"column":1}},"4":{"start":{"line":45,"column":0},"end":{"line":45,"column":38}}},"fnMap":{},"branchMap":{},"s":{"0":1,"1":1,"2":1,"3":1,"4":1},"f":{},"b":{},"_coverageSchema":"43e27e138ebf9cfc5966b082cf9a028302ed4184","hash":"77c78bb6e1d7d29f7790167f3ec8716b3c602dc5"}
,"C:\\Users\\Michael_Pretorius\\Desktop\\personal\\crwn-clothing\\client\\src\\components\\MenuItem\\MenuItem.jsx": {"path":"C:\\Users\\Michael_Pretorius\\Desktop\\personal\\crwn-clothing\\client\\src\\components\\MenuItem\\MenuItem.jsx","statementMap":{"0":{"start":{"line":12,"column":24},"end":{"line":22,"column":1}},"1":{"start":{"line":13,"column":2},"end":{"line":21,"column":4}},"2":{"start":{"line":14,"column":50},"end":{"line":14,"column":91}}},"fnMap":{"0":{"name":"(anonymous_0)","decl":{"start":{"line":12,"column":24},"end":{"line":12,"column":25}},"loc":{"start":{"line":12,"column":71},"end":{"line":22,"column":1}},"line":12},"1":{"name":"(anonymous_1)","decl":{"start":{"line":14,"column":44},"end":{"line":14,"column":45}},"loc":{"start":{"line":14,"column":50},"end":{"line":14,"column":91}},"line":14}},"branchMap":{},"s":{"0":3,"1":4,"2":1},"f":{"0":4,"1":1},"b":{},"_coverageSchema":"43e27e138ebf9cfc5966b082cf9a028302ed4184","hash":"5745deb6fcc5744d0ba85e9aaa78444b8b1dad85"}
,"C:\\Users\\Michael_Pretorius\\Desktop\\personal\\crwn-clothing\\client\\src\\components\\MenuItem\\MenuItem.styles.jsx": {"path":"C:\\Users\\Michael_Pretorius\\Desktop\\personal\\crwn-clothing\\client\\src\\components\\MenuItem\\MenuItem.styles.jsx","statementMap":{"0":{"start":{"line":3,"column":33},"end":{"line":38,"column":1}},"1":{"start":{"line":4,"column":27},"end":{"line":4,"column":51}},"2":{"start":{"line":39,"column":0},"end":{"line":39,"column":52}},"3":{"start":{"line":41,"column":40},"end":{"line":47,"column":1}},"4":{"start":{"line":46,"column":40},"end":{"line":46,"column":58}},"5":{"start":{"line":48,"column":0},"end":{"line":48,"column":66}},"6":{"start":{"line":50,"column":32},"end":{"line":61,"column":1}},"7":{"start":{"line":63,"column":28},"end":{"line":68,"column":1}},"8":{"start":{"line":70,"column":31},"end":{"line":73,"column":1}}},"fnMap":{"0":{"name":"(anonymous_0)","decl":{"start":{"line":4,"column":12},"end":{"line":4,"column":13}},"loc":{"start":{"line":4,"column":27},"end":{"line":4,"column":51}},"line":4},"1":{"name":"(anonymous_1)","decl":{"start":{"line":46,"column":22},"end":{"line":46,"column":23}},"loc":{"start":{"line":46,"column":40},"end":{"line":46,"column":58}},"line":46}},"branchMap":{"0":{"loc":{"start":{"line":4,"column":27},"end":{"line":4,"column":51}},"type":"cond-expr","locations":[{"start":{"line":4,"column":34},"end":{"line":4,"column":41}},{"start":{"line":4,"column":44},"end":{"line":4,"column":51}}],"line":4}},"s":{"0":3,"1":0,"2":3,"3":3,"4":0,"5":3,"6":3,"7":3,"8":3},"f":{"0":0,"1":0},"b":{"0":[0,0]},"_coverageSchema":"43e27e138ebf9cfc5966b082cf9a028302ed4184","hash":"7982b6d5a2a90b966c8e810ea94719a93b8f6491"}
,"C:\\Users\\Michael_Pretorius\\Desktop\\personal\\crwn-clothing\\client\\src\\components\\SignIn\\SignIn.jsx": {"path":"C:\\Users\\Michael_Pretorius\\Desktop\\personal\\crwn-clothing\\client\\src\\components\\SignIn\\SignIn.jsx","statementMap":{"0":{"start":{"line":8,"column":15},"end":{"line":70,"column":1}},"1":{"start":{"line":9,"column":44},"end":{"line":12,"column":4}},"2":{"start":{"line":13,"column":34},"end":{"line":13,"column":64}},"3":{"start":{"line":15,"column":2},"end":{"line":17,"column":9}},"4":{"start":{"line":15,"column":18},"end":{"line":17,"column":3}},"5":{"start":{"line":16,"column":4},"end":{"line":16,"column":55}},"6":{"start":{"line":19,"column":23},"end":{"line":31,"column":3}},"7":{"start":{"line":20,"column":4},"end":{"line":20,"column":27}},"8":{"start":{"line":22,"column":32},"end":{"line":22,"column":47}},"9":{"start":{"line":24,"column":4},"end":{"line":30,"column":5}},"10":{"start":{"line":25,"column":6},"end":{"line":25,"column":61}},"11":{"start":{"line":26,"column":6},"end":{"line":27,"column":52}},"12":{"start":{"line":29,"column":6},"end":{"line":29,"column":25}},"13":{"start":{"line":33,"column":23},"end":{"line":37,"column":3}},"14":{"start":{"line":34,"column":28},"end":{"line":34,"column":40}},"15":{"start":{"line":36,"column":4},"end":{"line":36,"column":58}},"16":{"start":{"line":39,"column":2},"end":{"line":69,"column":4}}},"fnMap":{"0":{"name":"(anonymous_0)","decl":{"start":{"line":8,"column":15},"end":{"line":8,"column":16}},"loc":{"start":{"line":8,"column":21},"end":{"line":70,"column":1}},"line":8},"1":{"name":"(anonymous_1)","decl":{"start":{"line":15,"column":12},"end":{"line":15,"column":13}},"loc":{"start":{"line":15,"column":18},"end":{"line":17,"column":3}},"line":15},"2":{"name":"(anonymous_2)","decl":{"start":{"line":15,"column":18},"end":{"line":15,"column":19}},"loc":{"start":{"line":15,"column":24},"end":{"line":17,"column":3}},"line":15},"3":{"name":"(anonymous_3)","decl":{"start":{"line":19,"column":23},"end":{"line":19,"column":24}},"loc":{"start":{"line":19,"column":38},"end":{"line":31,"column":3}},"line":19},"4":{"name":"(anonymous_4)","decl":{"start":{"line":33,"column":23},"end":{"line":33,"column":24}},"loc":{"start":{"line":33,"column":32},"end":{"line":37,"column":3}},"line":33}},"branchMap":{"0":{"loc":{"start":{"line":26,"column":6},"end":{"line":27,"column":51}},"type":"binary-expr","locations":[{"start":{"line":26,"column":6},"end":{"line":26,"column":50}},{"start":{"line":27,"column":8},"end":{"line":27,"column":51}}],"line":26}},"s":{"0":1,"1":0,"2":0,"3":0,"4":0,"5":0,"6":0,"7":0,"8":0,"9":0,"10":0,"11":0,"12":0,"13":0,"14":0,"15":0,"16":0},"f":{"0":0,"1":0,"2":0,"3":0,"4":0},"b":{"0":[0,0]},"_coverageSchema":"43e27e138ebf9cfc5966b082cf9a028302ed4184","hash":"d8fbe9957536a036694d7793a8030fcecd809ff2"}
,"C:\\Users\\Michael_Pretorius\\Desktop\\personal\\crwn-clothing\\client\\src\\components\\SignIn\\SignIn.styles.jsx": {"path":"C:\\Users\\Michael_Pretorius\\Desktop\\personal\\crwn-clothing\\client\\src\\components\\SignIn\\SignIn.styles.jsx","statementMap":{"0":{"start":{"line":3,"column":31},"end":{"line":11,"column":1}},"1":{"start":{"line":13,"column":27},"end":{"line":15,"column":1}},"2":{"start":{"line":17,"column":35},"end":{"line":20,"column":1}}},"fnMap":{},"branchMap":{},"s":{"0":1,"1":1,"2":1},"f":{},"b":{},"_coverageSchema":"43e27e138ebf9cfc5966b082cf9a028302ed4184","hash":"82e234363c7abc4f6b8b124de9d8d51e9403af15"}
,"C:\\Users\\Michael_Pretorius\\Desktop\\personal\\crwn-clothing\\client\\src\\components\\SignUp\\SignUp.jsx": {"path":"C:\\Users\\Michael_Pretorius\\Desktop\\personal\\crwn-clothing\\client\\src\\components\\SignUp\\SignUp.jsx","statementMap":{"0":{"start":{"line":8,"column":15},"end":{"line":94,"column":1}},"1":{"start":{"line":9,"column":44},"end":{"line":14,"column":4}},"2":{"start":{"line":15,"column":34},"end":{"line":15,"column":64}},"3":{"start":{"line":17,"column":2},"end":{"line":19,"column":9}},"4":{"start":{"line":17,"column":18},"end":{"line":19,"column":3}},"5":{"start":{"line":18,"column":4},"end":{"line":18,"column":55}},"6":{"start":{"line":21,"column":60},"end":{"line":21,"column":75}},"7":{"start":{"line":23,"column":23},"end":{"line":45,"column":3}},"8":{"start":{"line":24,"column":4},"end":{"line":24,"column":27}},"9":{"start":{"line":26,"column":4},"end":{"line":29,"column":5}},"10":{"start":{"line":27,"column":6},"end":{"line":27,"column":38}},"11":{"start":{"line":28,"column":6},"end":{"line":28,"column":13}},"12":{"start":{"line":31,"column":4},"end":{"line":44,"column":5}},"13":{"start":{"line":32,"column":23},"end":{"line":32,"column":81}},"14":{"start":{"line":34,"column":6},"end":{"line":34,"column":61}},"15":{"start":{"line":36,"column":6},"end":{"line":41,"column":9}},"16":{"start":{"line":43,"column":6},"end":{"line":43,"column":25}},"17":{"start":{"line":47,"column":23},"end":{"line":51,"column":3}},"18":{"start":{"line":48,"column":28},"end":{"line":48,"column":40}},"19":{"start":{"line":50,"column":4},"end":{"line":50,"column":58}},"20":{"start":{"line":53,"column":2},"end":{"line":93,"column":4}}},"fnMap":{"0":{"name":"(anonymous_0)","decl":{"start":{"line":8,"column":15},"end":{"line":8,"column":16}},"loc":{"start":{"line":8,"column":21},"end":{"line":94,"column":1}},"line":8},"1":{"name":"(anonymous_1)","decl":{"start":{"line":17,"column":12},"end":{"line":17,"column":13}},"loc":{"start":{"line":17,"column":18},"end":{"line":19,"column":3}},"line":17},"2":{"name":"(anonymous_2)","decl":{"start":{"line":17,"column":18},"end":{"line":17,"column":19}},"loc":{"start":{"line":17,"column":24},"end":{"line":19,"column":3}},"line":17},"3":{"name":"(anonymous_3)","decl":{"start":{"line":23,"column":23},"end":{"line":23,"column":24}},"loc":{"start":{"line":23,"column":38},"end":{"line":45,"column":3}},"line":23},"4":{"name":"(anonymous_4)","decl":{"start":{"line":47,"column":23},"end":{"line":47,"column":24}},"loc":{"start":{"line":47,"column":32},"end":{"line":51,"column":3}},"line":47}},"branchMap":{"0":{"loc":{"start":{"line":26,"column":4},"end":{"line":29,"column":5}},"type":"if","locations":[{"start":{"line":26,"column":4},"end":{"line":29,"column":5}},{"start":{"line":26,"column":4},"end":{"line":29,"column":5}}],"line":26},"1":{"loc":{"start":{"line":36,"column":6},"end":{"line":41,"column":8}},"type":"binary-expr","locations":[{"start":{"line":36,"column":6},"end":{"line":36,"column":50}},{"start":{"line":36,"column":54},"end":{"line":41,"column":8}}],"line":36}},"s":{"0":1,"1":0,"2":0,"3":0,"4":0,"5":0,"6":0,"7":0,"8":0,"9":0,"10":0,"11":0,"12":0,"13":0,"14":0,"15":0,"16":0,"17":0,"18":0,"19":0,"20":0},"f":{"0":0,"1":0,"2":0,"3":0,"4":0},"b":{"0":[0,0],"1":[0,0]},"_coverageSchema":"43e27e138ebf9cfc5966b082cf9a028302ed4184","hash":"71d88027645d0f62328c1251a1726db6ea4acd20"}
,"C:\\Users\\Michael_Pretorius\\Desktop\\personal\\crwn-clothing\\client\\src\\components\\SignUp\\SignUp.styles.jsx": {"path":"C:\\Users\\Michael_Pretorius\\Desktop\\personal\\crwn-clothing\\client\\src\\components\\SignUp\\SignUp.styles.jsx","statementMap":{"0":{"start":{"line":3,"column":31},"end":{"line":11,"column":1}},"1":{"start":{"line":13,"column":27},"end":{"line":15,"column":1}}},"fnMap":{},"branchMap":{},"s":{"0":1,"1":1},"f":{},"b":{},"_coverageSchema":"43e27e138ebf9cfc5966b082cf9a028302ed4184","hash":"1493336c6c1ee6da0b20a9e798e54c9b055f25f2"}
,"C:\\Users\\Michael_Pretorius\\Desktop\\personal\\crwn-clothing\\client\\src\\components\\Spinner\\Spinner.jsx": {"path":"C:\\Users\\Michael_Pretorius\\Desktop\\personal\\crwn-clothing\\client\\src\\components\\Spinner\\Spinner.jsx","statementMap":{"0":{"start":{"line":5,"column":16},"end":{"line":11,"column":1}},"1":{"start":{"line":6,"column":2},"end":{"line":10,"column":4}}},"fnMap":{"0":{"name":"(anonymous_0)","decl":{"start":{"line":5,"column":16},"end":{"line":5,"column":17}},"loc":{"start":{"line":5,"column":22},"end":{"line":11,"column":1}},"line":5}},"branchMap":{},"s":{"0":0,"1":0},"f":{"0":0},"b":{},"hash":"55299b8528d068f9c3645959121f87fd7546d537"}
,"C:\\Users\\Michael_Pretorius\\Desktop\\personal\\crwn-clothing\\client\\src\\components\\Spinner\\Spinner.styles.jsx": {"path":"C:\\Users\\Michael_Pretorius\\Desktop\\personal\\crwn-clothing\\client\\src\\components\\Spinner\\Spinner.styles.jsx","statementMap":{"0":{"start":{"line":3,"column":30},"end":{"line":9,"column":1}},"1":{"start":{"line":11,"column":32},"end":{"line":31,"column":1}}},"fnMap":{},"branchMap":{},"s":{"0":0,"1":0},"f":{},"b":{},"hash":"e1045fdbbef90f3503aa84154ccc0da43fa9e88e"}
,"C:\\Users\\Michael_Pretorius\\Desktop\\personal\\crwn-clothing\\client\\src\\components\\StripeButton\\StripeButton.jsx": {"path":"C:\\Users\\Michael_Pretorius\\Desktop\\personal\\crwn-clothing\\client\\src\\components\\StripeButton\\StripeButton.jsx","statementMap":{"0":{"start":{"line":5,"column":21},"end":{"line":40,"column":1}},"1":{"start":{"line":6,"column":27},"end":{"line":6,"column":38}},"2":{"start":{"line":7,"column":27},"end":{"line":7,"column":71}},"3":{"start":{"line":9,"column":20},"end":{"line":23,"column":5}},"4":{"start":{"line":10,"column":8},"end":{"line":22,"column":11}},"5":{"start":{"line":18,"column":12},"end":{"line":18,"column":39}},"6":{"start":{"line":20,"column":12},"end":{"line":20,"column":62}},"7":{"start":{"line":21,"column":12},"end":{"line":21,"column":110}},"8":{"start":{"line":25,"column":4},"end":{"line":39,"column":6}}},"fnMap":{"0":{"name":"(anonymous_0)","decl":{"start":{"line":5,"column":21},"end":{"line":5,"column":22}},"loc":{"start":{"line":5,"column":36},"end":{"line":40,"column":1}},"line":5},"1":{"name":"(anonymous_1)","decl":{"start":{"line":9,"column":20},"end":{"line":9,"column":21}},"loc":{"start":{"line":9,"column":29},"end":{"line":23,"column":5}},"line":9},"2":{"name":"(anonymous_2)","decl":{"start":{"line":17,"column":16},"end":{"line":17,"column":17}},"loc":{"start":{"line":17,"column":23},"end":{"line":19,"column":9}},"line":17},"3":{"name":"(anonymous_3)","decl":{"start":{"line":19,"column":17},"end":{"line":19,"column":18}},"loc":{"start":{"line":19,"column":26},"end":{"line":22,"column":9}},"line":19}},"branchMap":{},"s":{"0":1,"1":0,"2":0,"3":0,"4":0,"5":0,"6":0,"7":0,"8":0},"f":{"0":0,"1":0,"2":0,"3":0},"b":{},"_coverageSchema":"43e27e138ebf9cfc5966b082cf9a028302ed4184","hash":"bdb94cd626b82129a5dfed6eeecb7bb6a2269d86"}
,"C:\\Users\\Michael_Pretorius\\Desktop\\personal\\crwn-clothing\\client\\src\\components\\WithSpinner\\WithSpinner.jsx": {"path":"C:\\Users\\Michael_Pretorius\\Desktop\\personal\\crwn-clothing\\client\\src\\components\\WithSpinner\\WithSpinner.jsx","statementMap":{"0":{"start":{"line":5,"column":20},"end":{"line":11,"column":1}},"1":{"start":{"line":5,"column":40},"end":{"line":11,"column":1}},"2":{"start":{"line":6,"column":4},"end":{"line":10,"column":9}}},"fnMap":{"0":{"name":"(anonymous_0)","decl":{"start":{"line":5,"column":20},"end":{"line":5,"column":21}},"loc":{"start":{"line":5,"column":40},"end":{"line":11,"column":1}},"line":5},"1":{"name":"(anonymous_1)","decl":{"start":{"line":5,"column":40},"end":{"line":5,"column":41}},"loc":{"start":{"line":5,"column":69},"end":{"line":11,"column":1}},"line":5}},"branchMap":{"0":{"loc":{"start":{"line":6,"column":11},"end":{"line":10,"column":9}},"type":"cond-expr","locations":[{"start":{"line":7,"column":8},"end":{"line":7,"column":19}},{"start":{"line":9,"column":12},"end":{"line":9,"column":43}}],"line":6}},"s":{"0":0,"1":0,"2":0},"f":{"0":0,"1":0},"b":{"0":[0,0]},"hash":"febf386ba4cc6f0ad85de30b43e86e039b54b87d"}
,"C:\\Users\\Michael_Pretorius\\Desktop\\personal\\crwn-clothing\\client\\src\\firebase\\firebaseUtils.js": {"path":"C:\\Users\\Michael_Pretorius\\Desktop\\personal\\crwn-clothing\\client\\src\\firebase\\firebaseUtils.js","statementMap":{"0":{"start":{"line":5,"column":15},"end":{"line":13,"column":1}},"1":{"start":{"line":15,"column":41},"end":{"line":38,"column":1}},"2":{"start":{"line":16,"column":2},"end":{"line":16,"column":24}},"3":{"start":{"line":16,"column":17},"end":{"line":16,"column":24}},"4":{"start":{"line":18,"column":18},"end":{"line":18,"column":56}},"5":{"start":{"line":19,"column":19},"end":{"line":19,"column":38}},"6":{"start":{"line":21,"column":2},"end":{"line":35,"column":3}},"7":{"start":{"line":22,"column":35},"end":{"line":22,"column":43}},"8":{"start":{"line":23,"column":22},"end":{"line":23,"column":32}},"9":{"start":{"line":25,"column":4},"end":{"line":34,"column":5}},"10":{"start":{"line":26,"column":6},"end":{"line":31,"column":9}},"11":{"start":{"line":33,"column":6},"end":{"line":33,"column":58}},"12":{"start":{"line":37,"column":2},"end":{"line":37,"column":17}},"13":{"start":{"line":40,"column":42},"end":{"line":50,"column":1}},"14":{"start":{"line":41,"column":24},"end":{"line":41,"column":59}},"15":{"start":{"line":43,"column":16},"end":{"line":43,"column":33}},"16":{"start":{"line":44,"column":2},"end":{"line":47,"column":5}},"17":{"start":{"line":45,"column":22},"end":{"line":45,"column":41}},"18":{"start":{"line":46,"column":4},"end":{"line":46,"column":30}},"19":{"start":{"line":49,"column":2},"end":{"line":49,"column":30}},"20":{"start":{"line":52,"column":47},"end":{"line":68,"column":1}},"21":{"start":{"line":53,"column":32},"end":{"line":62,"column":4}},"22":{"start":{"line":54,"column":29},"end":{"line":54,"column":39}},"23":{"start":{"line":56,"column":4},"end":{"line":61,"column":6}},"24":{"start":{"line":64,"column":2},"end":{"line":67,"column":9}},"25":{"start":{"line":65,"column":4},"end":{"line":65,"column":53}},"26":{"start":{"line":66,"column":4},"end":{"line":66,"column":15}},"27":{"start":{"line":70,"column":0},"end":{"line":70,"column":31}},"28":{"start":{"line":72,"column":20},"end":{"line":72,"column":35}},"29":{"start":{"line":73,"column":25},"end":{"line":73,"column":45}},"30":{"start":{"line":75,"column":17},"end":{"line":75,"column":55}},"31":{"start":{"line":76,"column":0},"end":{"line":78,"column":3}},"32":{"start":{"line":79,"column":32},"end":{"line":79,"column":68}},"33":{"start":{"line":79,"column":38},"end":{"line":79,"column":68}}},"fnMap":{"0":{"name":"(anonymous_0)","decl":{"start":{"line":15,"column":41},"end":{"line":15,"column":42}},"loc":{"start":{"line":15,"column":77},"end":{"line":38,"column":1}},"line":15},"1":{"name":"(anonymous_1)","decl":{"start":{"line":40,"column":42},"end":{"line":40,"column":43}},"loc":{"start":{"line":40,"column":81},"end":{"line":50,"column":1}},"line":40},"2":{"name":"(anonymous_2)","decl":{"start":{"line":44,"column":23},"end":{"line":44,"column":24}},"loc":{"start":{"line":44,"column":30},"end":{"line":47,"column":3}},"line":44},"3":{"name":"(anonymous_3)","decl":{"start":{"line":52,"column":47},"end":{"line":52,"column":48}},"loc":{"start":{"line":52,"column":62},"end":{"line":68,"column":1}},"line":52},"4":{"name":"(anonymous_4)","decl":{"start":{"line":53,"column":53},"end":{"line":53,"column":54}},"loc":{"start":{"line":53,"column":60},"end":{"line":62,"column":3}},"line":53},"5":{"name":"(anonymous_5)","decl":{"start":{"line":64,"column":38},"end":{"line":64,"column":39}},"loc":{"start":{"line":64,"column":59},"end":{"line":67,"column":3}},"line":64},"6":{"name":"(anonymous_6)","decl":{"start":{"line":79,"column":32},"end":{"line":79,"column":33}},"loc":{"start":{"line":79,"column":38},"end":{"line":79,"column":68}},"line":79}},"branchMap":{"0":{"loc":{"start":{"line":16,"column":2},"end":{"line":16,"column":24}},"type":"if","locations":[{"start":{"line":16,"column":2},"end":{"line":16,"column":24}},{"start":{"line":16,"column":2},"end":{"line":16,"column":24}}],"line":16},"1":{"loc":{"start":{"line":21,"column":2},"end":{"line":35,"column":3}},"type":"if","locations":[{"start":{"line":21,"column":2},"end":{"line":35,"column":3}},{"start":{"line":21,"column":2},"end":{"line":35,"column":3}}],"line":21}},"s":{"0":3,"1":3,"2":0,"3":0,"4":0,"5":0,"6":0,"7":0,"8":0,"9":0,"10":0,"11":0,"12":0,"13":3,"14":0,"15":0,"16":0,"17":0,"18":0,"19":0,"20":3,"21":0,"22":0,"23":0,"24":0,"25":0,"26":0,"27":3,"28":3,"29":3,"30":3,"31":3,"32":3,"33":0},"f":{"0":0,"1":0,"2":0,"3":0,"4":0,"5":0,"6":0},"b":{"0":[0,0],"1":[0,0]},"_coverageSchema":"43e27e138ebf9cfc5966b082cf9a028302ed4184","hash":"e2317e87139ac2d3ac9b3862f8b701b2b49a3fa4"}
,"C:\\Users\\Michael_Pretorius\\Desktop\\personal\\crwn-clothing\\client\\src\\pages\\CheckoutPage\\CheckoutPage.jsx": {"path":"C:\\Users\\Michael_Pretorius\\Desktop\\personal\\crwn-clothing\\client\\src\\pages\\CheckoutPage\\CheckoutPage.jsx","statementMap":{"0":{"start":{"line":10,"column":28},"end":{"line":46,"column":1}},"1":{"start":{"line":11,"column":2},"end":{"line":45,"column":4}},"2":{"start":{"line":32,"column":10},"end":{"line":32,"column":64}},"3":{"start":{"line":48,"column":24},"end":{"line":51,"column":2}}},"fnMap":{"0":{"name":"(anonymous_0)","decl":{"start":{"line":10,"column":28},"end":{"line":10,"column":29}},"loc":{"start":{"line":10,"column":54},"end":{"line":46,"column":1}},"line":10},"1":{"name":"(anonymous_1)","decl":{"start":{"line":31,"column":22},"end":{"line":31,"column":23}},"loc":{"start":{"line":32,"column":10},"end":{"line":32,"column":64}},"line":32}},"branchMap":{},"s":{"0":1,"1":2,"2":6,"3":1},"f":{"0":2,"1":6},"b":{},"_coverageSchema":"43e27e138ebf9cfc5966b082cf9a028302ed4184","hash":"3f1198eb31735998921e68c14128a2de520dde15"}
,"C:\\Users\\Michael_Pretorius\\Desktop\\personal\\crwn-clothing\\client\\src\\pages\\CheckoutPage\\CheckoutPage.styles.jsx": {"path":"C:\\Users\\Michael_Pretorius\\Desktop\\personal\\crwn-clothing\\client\\src\\pages\\CheckoutPage\\CheckoutPage.styles.jsx","statementMap":{"0":{"start":{"line":3,"column":37},"end":{"line":19,"column":1}},"1":{"start":{"line":21,"column":39},"end":{"line":27,"column":1}},"2":{"start":{"line":29,"column":36},"end":{"line":44,"column":1}},"3":{"start":{"line":46,"column":30},"end":{"line":50,"column":1}},"4":{"start":{"line":52,"column":36},"end":{"line":57,"column":1}}},"fnMap":{},"branchMap":{},"s":{"0":1,"1":1,"2":1,"3":1,"4":1},"f":{},"b":{},"_coverageSchema":"43e27e138ebf9cfc5966b082cf9a028302ed4184","hash":"68c8fa32ca26d831408299b0f3e8d5eb762e4402"}
,"C:\\Users\\Michael_Pretorius\\Desktop\\personal\\crwn-clothing\\client\\src\\pages\\CollectionPage\\CollectionPage.container.jsx": {"path":"C:\\Users\\Michael_Pretorius\\Desktop\\personal\\crwn-clothing\\client\\src\\pages\\CollectionPage\\CollectionPage.container.jsx","statementMap":{"0":{"start":{"line":9,"column":24},"end":{"line":11,"column":2}},"1":{"start":{"line":10,"column":24},"end":{"line":10,"column":57}},"2":{"start":{"line":13,"column":32},"end":{"line":16,"column":17}}},"fnMap":{"0":{"name":"(anonymous_0)","decl":{"start":{"line":10,"column":15},"end":{"line":10,"column":16}},"loc":{"start":{"line":10,"column":24},"end":{"line":10,"column":57}},"line":10}},"branchMap":{},"s":{"0":0,"1":0,"2":0},"f":{"0":0},"b":{},"hash":"0b58478496b6f82aab67cbb544b9991226817d3c"}
,"C:\\Users\\Michael_Pretorius\\Desktop\\personal\\crwn-clothing\\client\\src\\pages\\CollectionPage\\CollectionPage.jsx": {"path":"C:\\Users\\Michael_Pretorius\\Desktop\\personal\\crwn-clothing\\client\\src\\pages\\CollectionPage\\CollectionPage.jsx","statementMap":{"0":{"start":{"line":8,"column":30},"end":{"line":22,"column":1}},"1":{"start":{"line":9,"column":27},"end":{"line":9,"column":37}},"2":{"start":{"line":10,"column":2},"end":{"line":21,"column":4}},"3":{"start":{"line":16,"column":12},"end":{"line":16,"column":56}},"4":{"start":{"line":24,"column":24},"end":{"line":28,"column":1}},"5":{"start":{"line":25,"column":2},"end":{"line":27,"column":3}}},"fnMap":{"0":{"name":"(anonymous_0)","decl":{"start":{"line":8,"column":30},"end":{"line":8,"column":31}},"loc":{"start":{"line":8,"column":50},"end":{"line":22,"column":1}},"line":8},"1":{"name":"(anonymous_1)","decl":{"start":{"line":15,"column":20},"end":{"line":15,"column":21}},"loc":{"start":{"line":16,"column":12},"end":{"line":16,"column":56}},"line":16},"2":{"name":"(anonymous_2)","decl":{"start":{"line":24,"column":24},"end":{"line":24,"column":25}},"loc":{"start":{"line":24,"column":45},"end":{"line":28,"column":1}},"line":24}},"branchMap":{},"s":{"0":1,"1":2,"2":2,"3":6,"4":1,"5":0},"f":{"0":2,"1":6,"2":0},"b":{},"_coverageSchema":"43e27e138ebf9cfc5966b082cf9a028302ed4184","hash":"2aedaeed78b1bf73ed5a7bc2317046f9748fec77"}
,"C:\\Users\\Michael_Pretorius\\Desktop\\personal\\crwn-clothing\\client\\src\\pages\\CollectionPage\\CollectionPage.styles.jsx": {"path":"C:\\Users\\Michael_Pretorius\\Desktop\\personal\\crwn-clothing\\client\\src\\pages\\CollectionPage\\CollectionPage.styles.jsx","statementMap":{"0":{"start":{"line":3,"column":39},"end":{"line":7,"column":1}},"1":{"start":{"line":9,"column":31},"end":{"line":12,"column":1}},"2":{"start":{"line":14,"column":40},"end":{"line":27,"column":1}},"3":{"start":{"line":29,"column":0},"end":{"line":29,"column":66}}},"fnMap":{},"branchMap":{},"s":{"0":1,"1":1,"2":1,"3":1},"f":{},"b":{},"_coverageSchema":"43e27e138ebf9cfc5966b082cf9a028302ed4184","hash":"094253720e54b72eb617009ca128061ef2b08c59"}
,"C:\\Users\\Michael_Pretorius\\Desktop\\personal\\crwn-clothing\\client\\src\\pages\\HomePage\\HomePage.jsx": {"path":"C:\\Users\\Michael_Pretorius\\Desktop\\personal\\crwn-clothing\\client\\src\\pages\\HomePage\\HomePage.jsx","statementMap":{"0":{"start":{"line":6,"column":17},"end":{"line":12,"column":1}},"1":{"start":{"line":7,"column":2},"end":{"line":11,"column":4}}},"fnMap":{"0":{"name":"(anonymous_0)","decl":{"start":{"line":6,"column":17},"end":{"line":6,"column":18}},"loc":{"start":{"line":6,"column":23},"end":{"line":12,"column":1}},"line":6}},"branchMap":{},"s":{"0":1,"1":1},"f":{"0":1},"b":{},"_coverageSchema":"43e27e138ebf9cfc5966b082cf9a028302ed4184","hash":"4bc60c6d944ead879c549559989bb79cc9002ee3"}
,"C:\\Users\\Michael_Pretorius\\Desktop\\personal\\crwn-clothing\\client\\src\\pages\\HomePage\\HomePage.styles.jsx": {"path":"C:\\Users\\Michael_Pretorius\\Desktop\\personal\\crwn-clothing\\client\\src\\pages\\HomePage\\HomePage.styles.jsx","statementMap":{"0":{"start":{"line":3,"column":33},"end":{"line":7,"column":1}}},"fnMap":{},"branchMap":{},"s":{"0":1},"f":{},"b":{},"_coverageSchema":"43e27e138ebf9cfc5966b082cf9a028302ed4184","hash":"a1ce7789d6c5548fe228e557bcdfde404345fad7"}
,"C:\\Users\\Michael_Pretorius\\Desktop\\personal\\crwn-clothing\\client\\src\\pages\\ShopPage\\ShopPage.jsx": {"path":"C:\\Users\\Michael_Pretorius\\Desktop\\personal\\crwn-clothing\\client\\src\\pages\\ShopPage\\ShopPage.jsx","statementMap":{"0":{"start":{"line":8,"column":37},"end":{"line":8,"column":125}},"1":{"start":{"line":8,"column":48},"end":{"line":8,"column":124}},"2":{"start":{"line":9,"column":32},"end":{"line":9,"column":96}},"3":{"start":{"line":9,"column":43},"end":{"line":9,"column":95}},"4":{"start":{"line":11,"column":17},"end":{"line":31,"column":1}},"5":{"start":{"line":12,"column":4},"end":{"line":14,"column":37}},"6":{"start":{"line":13,"column":8},"end":{"line":13,"column":36}},"7":{"start":{"line":16,"column":4},"end":{"line":30,"column":6}}},"fnMap":{"0":{"name":"(anonymous_0)","decl":{"start":{"line":8,"column":42},"end":{"line":8,"column":43}},"loc":{"start":{"line":8,"column":48},"end":{"line":8,"column":124}},"line":8},"1":{"name":"(anonymous_1)","decl":{"start":{"line":9,"column":37},"end":{"line":9,"column":38}},"loc":{"start":{"line":9,"column":43},"end":{"line":9,"column":95}},"line":9},"2":{"name":"(anonymous_2)","decl":{"start":{"line":11,"column":17},"end":{"line":11,"column":18}},"loc":{"start":{"line":11,"column":60},"end":{"line":31,"column":1}},"line":11},"3":{"name":"(anonymous_3)","decl":{"start":{"line":12,"column":14},"end":{"line":12,"column":15}},"loc":{"start":{"line":12,"column":20},"end":{"line":14,"column":5}},"line":12}},"branchMap":{},"s":{"0":0,"1":0,"2":0,"3":0,"4":0,"5":0,"6":0,"7":0},"f":{"0":0,"1":0,"2":0,"3":0},"b":{},"hash":"8c86abb41b26938d631a27fc1531ffb78fc9d7b0"}
,"C:\\Users\\Michael_Pretorius\\Desktop\\personal\\crwn-clothing\\client\\src\\pages\\SignInUpPage\\SignInUpPage.jsx": {"path":"C:\\Users\\Michael_Pretorius\\Desktop\\personal\\crwn-clothing\\client\\src\\pages\\SignInUpPage\\SignInUpPage.jsx","statementMap":{"0":{"start":{"line":7,"column":21},"end":{"line":14,"column":1}},"1":{"start":{"line":8,"column":2},"end":{"line":13,"column":4}}},"fnMap":{"0":{"name":"(anonymous_0)","decl":{"start":{"line":7,"column":21},"end":{"line":7,"column":22}},"loc":{"start":{"line":7,"column":27},"end":{"line":14,"column":1}},"line":7}},"branchMap":{},"s":{"0":1,"1":1},"f":{"0":1},"b":{},"_coverageSchema":"43e27e138ebf9cfc5966b082cf9a028302ed4184","hash":"ec9eab472672521d28044cecce8bdc0b9e2248a7"}
,"C:\\Users\\Michael_Pretorius\\Desktop\\personal\\crwn-clothing\\client\\src\\pages\\SignInUpPage\\SignInUpPage.styles.jsx": {"path":"C:\\Users\\Michael_Pretorius\\Desktop\\personal\\crwn-clothing\\client\\src\\pages\\SignInUpPage\\SignInUpPage.styles.jsx","statementMap":{"0":{"start":{"line":3,"column":33},"end":{"line":18,"column":1}}},"fnMap":{},"branchMap":{},"s":{"0":1},"f":{},"b":{},"_coverageSchema":"43e27e138ebf9cfc5966b082cf9a028302ed4184","hash":"d7287e3aaa2df212ffab1e59bbd6bd39c542b1fd"}
,"C:\\Users\\Michael_Pretorius\\Desktop\\personal\\crwn-clothing\\client\\src\\redux\\rootReducer.js": {"path":"C:\\Users\\Michael_Pretorius\\Desktop\\personal\\crwn-clothing\\client\\src\\redux\\rootReducer.js","statementMap":{"0":{"start":{"line":10,"column":22},"end":{"line":14,"column":1}},"1":{"start":{"line":16,"column":20},"end":{"line":21,"column":2}}},"fnMap":{},"branchMap":{},"s":{"0":0,"1":0},"f":{},"b":{},"hash":"0aaf6012283acc48043f53615f4c6a2b2750a8f6"}
,"C:\\Users\\Michael_Pretorius\\Desktop\\personal\\crwn-clothing\\client\\src\\redux\\store.js": {"path":"C:\\Users\\Michael_Pretorius\\Desktop\\personal\\crwn-clothing\\client\\src\\redux\\store.js","statementMap":{"0":{"start":{"line":7,"column":25},"end":{"line":7,"column":79}},"1":{"start":{"line":9,"column":20},"end":{"line":9,"column":27}},"2":{"start":{"line":11,"column":21},"end":{"line":11,"column":96}},"3":{"start":{"line":13,"column":25},"end":{"line":13,"column":44}}},"fnMap":{},"branchMap":{"0":{"loc":{"start":{"line":7,"column":25},"end":{"line":7,"column":79}},"type":"binary-expr","locations":[{"start":{"line":7,"column":25},"end":{"line":7,"column":68}},{"start":{"line":7,"column":72},"end":{"line":7,"column":79}}],"line":7}},"s":{"0":0,"1":0,"2":0,"3":0},"f":{},"b":{"0":[0,0]},"hash":"8875e0682d25d4ba4112b1d486b43668b19fdbb8"}
,"C:\\Users\\Michael_Pretorius\\Desktop\\personal\\crwn-clothing\\client\\src\\redux\\cart\\cartActions.js": {"path":"C:\\Users\\Michael_Pretorius\\Desktop\\personal\\crwn-clothing\\client\\src\\redux\\cart\\cartActions.js","statementMap":{"0":{"start":{"line":3,"column":32},"end":{"line":7,"column":1}},"1":{"start":{"line":4,"column":2},"end":{"line":6,"column":4}},"2":{"start":{"line":9,"column":23},"end":{"line":14,"column":1}},"3":{"start":{"line":10,"column":2},"end":{"line":13,"column":4}},"4":{"start":{"line":16,"column":33},"end":{"line":21,"column":1}},"5":{"start":{"line":17,"column":2},"end":{"line":20,"column":4}},"6":{"start":{"line":23,"column":26},"end":{"line":28,"column":1}},"7":{"start":{"line":24,"column":2},"end":{"line":27,"column":3}}},"fnMap":{"0":{"name":"(anonymous_0)","decl":{"start":{"line":3,"column":32},"end":{"line":3,"column":33}},"loc":{"start":{"line":3,"column":38},"end":{"line":7,"column":1}},"line":3},"1":{"name":"(anonymous_1)","decl":{"start":{"line":9,"column":23},"end":{"line":9,"column":24}},"loc":{"start":{"line":9,"column":31},"end":{"line":14,"column":1}},"line":9},"2":{"name":"(anonymous_2)","decl":{"start":{"line":16,"column":33},"end":{"line":16,"column":34}},"loc":{"start":{"line":16,"column":41},"end":{"line":21,"column":1}},"line":16},"3":{"name":"(anonymous_3)","decl":{"start":{"line":23,"column":26},"end":{"line":23,"column":27}},"loc":{"start":{"line":23,"column":34},"end":{"line":28,"column":1}},"line":23}},"branchMap":{},"s":{"0":9,"1":0,"2":9,"3":0,"4":9,"5":0,"6":9,"7":0},"f":{"0":0,"1":0,"2":0,"3":0},"b":{},"_coverageSchema":"43e27e138ebf9cfc5966b082cf9a028302ed4184","hash":"1b69b2f7e6135f75a5a808d107fc421630d7befe"}
,"C:\\Users\\Michael_Pretorius\\Desktop\\personal\\crwn-clothing\\client\\src\\redux\\cart\\cartReducer.js": {"path":"C:\\Users\\Michael_Pretorius\\Desktop\\personal\\crwn-clothing\\client\\src\\redux\\cart\\cartReducer.js","statementMap":{"0":{"start":{"line":4,"column":22},"end":{"line":7,"column":1}},"1":{"start":{"line":10,"column":2},"end":{"line":35,"column":3}},"2":{"start":{"line":12,"column":6},"end":{"line":15,"column":8}},"3":{"start":{"line":17,"column":6},"end":{"line":20,"column":8}},"4":{"start":{"line":22,"column":6},"end":{"line":27,"column":8}},"5":{"start":{"line":25,"column":10},"end":{"line":25,"column":43}},"6":{"start":{"line":29,"column":6},"end":{"line":32,"column":8}},"7":{"start":{"line":34,"column":6},"end":{"line":34,"column":19}}},"fnMap":{"0":{"name":"(anonymous_0)","decl":{"start":{"line":9,"column":15},"end":{"line":9,"column":16}},"loc":{"start":{"line":9,"column":50},"end":{"line":36,"column":1}},"line":9},"1":{"name":"(anonymous_1)","decl":{"start":{"line":24,"column":42},"end":{"line":24,"column":43}},"loc":{"start":{"line":25,"column":10},"end":{"line":25,"column":43}},"line":25}},"branchMap":{"0":{"loc":{"start":{"line":9,"column":16},"end":{"line":9,"column":37}},"type":"default-arg","locations":[{"start":{"line":9,"column":24},"end":{"line":9,"column":37}}],"line":9},"1":{"loc":{"start":{"line":10,"column":2},"end":{"line":35,"column":3}},"type":"switch","locations":[{"start":{"line":11,"column":4},"end":{"line":15,"column":8}},{"start":{"line":16,"column":4},"end":{"line":20,"column":8}},{"start":{"line":21,"column":4},"end":{"line":27,"column":8}},{"start":{"line":28,"column":4},"end":{"line":32,"column":8}},{"start":{"line":33,"column":4},"end":{"line":34,"column":19}}],"line":10}},"s":{"0":0,"1":0,"2":0,"3":0,"4":0,"5":0,"6":0,"7":0},"f":{"0":0,"1":0},"b":{"0":[0],"1":[0,0,0,0,0]},"hash":"54a108e254bb7c128f4865afed00ab1210645a93"}
,"C:\\Users\\Michael_Pretorius\\Desktop\\personal\\crwn-clothing\\client\\src\\redux\\cart\\cartSelectors.js": {"path":"C:\\Users\\Michael_Pretorius\\Desktop\\personal\\crwn-clothing\\client\\src\\redux\\cart\\cartSelectors.js","statementMap":{"0":{"start":{"line":3,"column":19},"end":{"line":3,"column":38}},"1":{"start":{"line":3,"column":28},"end":{"line":3,"column":38}},"2":{"start":{"line":5,"column":31},"end":{"line":8,"column":1}},"3":{"start":{"line":7,"column":10},"end":{"line":7,"column":24}},"4":{"start":{"line":10,"column":32},"end":{"line":13,"column":1}},"5":{"start":{"line":12,"column":10},"end":{"line":12,"column":21}},"6":{"start":{"line":15,"column":36},"end":{"line":20,"column":1}},"7":{"start":{"line":17,"column":15},"end":{"line":19,"column":3}},"8":{"start":{"line":18,"column":19},"end":{"line":18,"column":38}},"9":{"start":{"line":22,"column":31},"end":{"line":27,"column":1}},"10":{"start":{"line":24,"column":15},"end":{"line":26,"column":3}},"11":{"start":{"line":25,"column":19},"end":{"line":25,"column":53}}},"fnMap":{"0":{"name":"(anonymous_0)","decl":{"start":{"line":3,"column":19},"end":{"line":3,"column":20}},"loc":{"start":{"line":3,"column":28},"end":{"line":3,"column":38}},"line":3},"1":{"name":"(anonymous_1)","decl":{"start":{"line":7,"column":2},"end":{"line":7,"column":3}},"loc":{"start":{"line":7,"column":10},"end":{"line":7,"column":24}},"line":7},"2":{"name":"(anonymous_2)","decl":{"start":{"line":12,"column":2},"end":{"line":12,"column":3}},"loc":{"start":{"line":12,"column":10},"end":{"line":12,"column":21}},"line":12},"3":{"name":"(anonymous_3)","decl":{"start":{"line":17,"column":2},"end":{"line":17,"column":3}},"loc":{"start":{"line":17,"column":15},"end":{"line":19,"column":3}},"line":17},"4":{"name":"(anonymous_4)","decl":{"start":{"line":18,"column":4},"end":{"line":18,"column":5}},"loc":{"start":{"line":18,"column":19},"end":{"line":18,"column":38}},"line":18},"5":{"name":"(anonymous_5)","decl":{"start":{"line":24,"column":2},"end":{"line":24,"column":3}},"loc":{"start":{"line":24,"column":15},"end":{"line":26,"column":3}},"line":24},"6":{"name":"(anonymous_6)","decl":{"start":{"line":25,"column":4},"end":{"line":25,"column":5}},"loc":{"start":{"line":25,"column":19},"end":{"line":25,"column":53}},"line":25}},"branchMap":{},"s":{"0":4,"1":0,"2":4,"3":0,"4":4,"5":0,"6":4,"7":0,"8":0,"9":4,"10":0,"11":0},"f":{"0":0,"1":0,"2":0,"3":0,"4":0,"5":0,"6":0},"b":{},"_coverageSchema":"43e27e138ebf9cfc5966b082cf9a028302ed4184","hash":"f0ce3bdf967a0c538333f19bdd15327a1aa495ee"}
,"C:\\Users\\Michael_Pretorius\\Desktop\\personal\\crwn-clothing\\client\\src\\redux\\cart\\cartTypes.js": {"path":"C:\\Users\\Michael_Pretorius\\Desktop\\personal\\crwn-clothing\\client\\src\\redux\\cart\\cartTypes.js","statementMap":{"0":{"start":{"line":1,"column":31},"end":{"line":6,"column":1}}},"fnMap":{},"branchMap":{},"s":{"0":9},"f":{},"b":{},"_coverageSchema":"43e27e138ebf9cfc5966b082cf9a028302ed4184","hash":"466ff8c4a15a0d6b7211ce64bc372fb6d708bc2e"}
,"C:\\Users\\Michael_Pretorius\\Desktop\\personal\\crwn-clothing\\client\\src\\redux\\cart\\cartUtils.js": {"path":"C:\\Users\\Michael_Pretorius\\Desktop\\personal\\crwn-clothing\\client\\src\\redux\\cart\\cartUtils.js","statementMap":{"0":{"start":{"line":1,"column":29},"end":{"line":16,"column":1}},"1":{"start":{"line":2,"column":27},"end":{"line":4,"column":3}},"2":{"start":{"line":3,"column":4},"end":{"line":3,"column":36}},"3":{"start":{"line":6,"column":2},"end":{"line":13,"column":3}},"4":{"start":{"line":7,"column":4},"end":{"line":12,"column":6}},"5":{"start":{"line":8,"column":6},"end":{"line":11,"column":18}},"6":{"start":{"line":15,"column":2},"end":{"line":15,"column":59}},"7":{"start":{"line":18,"column":34},"end":{"line":35,"column":1}},"8":{"start":{"line":19,"column":27},"end":{"line":21,"column":3}},"9":{"start":{"line":20,"column":4},"end":{"line":20,"column":39}},"10":{"start":{"line":23,"column":2},"end":{"line":27,"column":3}},"11":{"start":{"line":24,"column":4},"end":{"line":26,"column":5}},"12":{"start":{"line":25,"column":6},"end":{"line":25,"column":41}},"13":{"start":{"line":29,"column":2},"end":{"line":34,"column":4}},"14":{"start":{"line":30,"column":4},"end":{"line":33,"column":16}}},"fnMap":{"0":{"name":"(anonymous_0)","decl":{"start":{"line":1,"column":29},"end":{"line":1,"column":30}},"loc":{"start":{"line":1,"column":59},"end":{"line":16,"column":1}},"line":1},"1":{"name":"(anonymous_1)","decl":{"start":{"line":2,"column":42},"end":{"line":2,"column":43}},"loc":{"start":{"line":3,"column":4},"end":{"line":3,"column":36}},"line":3},"2":{"name":"(anonymous_2)","decl":{"start":{"line":7,"column":25},"end":{"line":7,"column":26}},"loc":{"start":{"line":8,"column":6},"end":{"line":11,"column":18}},"line":8},"3":{"name":"(anonymous_3)","decl":{"start":{"line":18,"column":34},"end":{"line":18,"column":35}},"loc":{"start":{"line":18,"column":67},"end":{"line":35,"column":1}},"line":18},"4":{"name":"(anonymous_4)","decl":{"start":{"line":19,"column":42},"end":{"line":19,"column":43}},"loc":{"start":{"line":20,"column":4},"end":{"line":20,"column":39}},"line":20},"5":{"name":"(anonymous_5)","decl":{"start":{"line":24,"column":28},"end":{"line":24,"column":29}},"loc":{"start":{"line":25,"column":6},"end":{"line":25,"column":41}},"line":25},"6":{"name":"(anonymous_6)","decl":{"start":{"line":29,"column":23},"end":{"line":29,"column":24}},"loc":{"start":{"line":30,"column":4},"end":{"line":33,"column":16}},"line":30}},"branchMap":{"0":{"loc":{"start":{"line":6,"column":2},"end":{"line":13,"column":3}},"type":"if","locations":[{"start":{"line":6,"column":2},"end":{"line":13,"column":3}},{"start":{"line":6,"column":2},"end":{"line":13,"column":3}}],"line":6},"1":{"loc":{"start":{"line":8,"column":6},"end":{"line":11,"column":18}},"type":"cond-expr","locations":[{"start":{"line":8,"column":41},"end":{"line":11,"column":7}},{"start":{"line":11,"column":10},"end":{"line":11,"column":18}}],"line":8},"2":{"loc":{"start":{"line":23,"column":2},"end":{"line":27,"column":3}},"type":"if","locations":[{"start":{"line":23,"column":2},"end":{"line":27,"column":3}},{"start":{"line":23,"column":2},"end":{"line":27,"column":3}}],"line":23},"3":{"loc":{"start":{"line":30,"column":4},"end":{"line":33,"column":16}},"type":"cond-expr","locations":[{"start":{"line":30,"column":42},"end":{"line":33,"column":5}},{"start":{"line":33,"column":8},"end":{"line":33,"column":16}}],"line":30}},"s":{"0":0,"1":0,"2":0,"3":0,"4":0,"5":0,"6":0,"7":0,"8":0,"9":0,"10":0,"11":0,"12":0,"13":0,"14":0},"f":{"0":0,"1":0,"2":0,"3":0,"4":0,"5":0,"6":0},"b":{"0":[0,0],"1":[0,0],"2":[0,0],"3":[0,0]},"hash":"5825ce8c75c1df749c02164a61c34e5f7126ac80"}
,"C:\\Users\\Michael_Pretorius\\Desktop\\personal\\crwn-clothing\\client\\src\\redux\\directory\\directoryReducer.js": {"path":"C:\\Users\\Michael_Pretorius\\Desktop\\personal\\crwn-clothing\\client\\src\\redux\\directory\\directoryReducer.js","statementMap":{"0":{"start":{"line":1,"column":29},"end":{"line":31,"column":1}},"1":{"start":{"line":34,"column":2},"end":{"line":37,"column":3}},"2":{"start":{"line":36,"column":6},"end":{"line":36,"column":19}}},"fnMap":{"0":{"name":"(anonymous_0)","decl":{"start":{"line":33,"column":15},"end":{"line":33,"column":16}},"loc":{"start":{"line":33,"column":50},"end":{"line":38,"column":1}},"line":33}},"branchMap":{"0":{"loc":{"start":{"line":33,"column":16},"end":{"line":33,"column":37}},"type":"default-arg","locations":[{"start":{"line":33,"column":24},"end":{"line":33,"column":37}}],"line":33},"1":{"loc":{"start":{"line":34,"column":2},"end":{"line":37,"column":3}},"type":"switch","locations":[{"start":{"line":35,"column":4},"end":{"line":36,"column":19}}],"line":34}},"s":{"0":1,"1":1,"2":1},"f":{"0":1},"b":{"0":[1],"1":[1]},"_coverageSchema":"43e27e138ebf9cfc5966b082cf9a028302ed4184","hash":"3c8e89bff1634c75d4708b37441659f319971a95"}
,"C:\\Users\\Michael_Pretorius\\Desktop\\personal\\crwn-clothing\\client\\src\\redux\\directory\\directorySelectors.js": {"path":"C:\\Users\\Michael_Pretorius\\Desktop\\personal\\crwn-clothing\\client\\src\\redux\\directory\\directorySelectors.js","statementMap":{"0":{"start":{"line":3,"column":24},"end":{"line":3,"column":48}},"1":{"start":{"line":3,"column":33},"end":{"line":3,"column":48}},"2":{"start":{"line":5,"column":39},"end":{"line":8,"column":1}},"3":{"start":{"line":7,"column":15},"end":{"line":7,"column":33}}},"fnMap":{"0":{"name":"(anonymous_0)","decl":{"start":{"line":3,"column":24},"end":{"line":3,"column":25}},"loc":{"start":{"line":3,"column":33},"end":{"line":3,"column":48}},"line":3},"1":{"name":"(anonymous_1)","decl":{"start":{"line":7,"column":2},"end":{"line":7,"column":3}},"loc":{"start":{"line":7,"column":15},"end":{"line":7,"column":33}},"line":7}},"branchMap":{},"s":{"0":2,"1":0,"2":2,"3":0},"f":{"0":0,"1":0},"b":{},"_coverageSchema":"43e27e138ebf9cfc5966b082cf9a028302ed4184","hash":"edf8a3b0472c319a9abe6210c7c2e3631503a3e3"}
,"C:\\Users\\Michael_Pretorius\\Desktop\\personal\\crwn-clothing\\client\\src\\redux\\shop\\shopActions.js": {"path":"C:\\Users\\Michael_Pretorius\\Desktop\\personal\\crwn-clothing\\client\\src\\redux\\shop\\shopActions.js","statementMap":{"0":{"start":{"line":5,"column":37},"end":{"line":9,"column":1}},"1":{"start":{"line":6,"column":2},"end":{"line":8,"column":4}},"2":{"start":{"line":11,"column":39},"end":{"line":16,"column":1}},"3":{"start":{"line":12,"column":2},"end":{"line":15,"column":4}},"4":{"start":{"line":18,"column":39},"end":{"line":23,"column":1}},"5":{"start":{"line":19,"column":2},"end":{"line":22,"column":4}},"6":{"start":{"line":25,"column":42},"end":{"line":33,"column":1}},"7":{"start":{"line":25,"column":48},"end":{"line":33,"column":1}},"8":{"start":{"line":26,"column":24},"end":{"line":26,"column":59}},"9":{"start":{"line":27,"column":2},"end":{"line":27,"column":36}},"10":{"start":{"line":29,"column":2},"end":{"line":32,"column":66}},"11":{"start":{"line":30,"column":27},"end":{"line":30,"column":68}},"12":{"start":{"line":31,"column":4},"end":{"line":31,"column":54}},"13":{"start":{"line":32,"column":18},"end":{"line":32,"column":64}}},"fnMap":{"0":{"name":"(anonymous_0)","decl":{"start":{"line":5,"column":37},"end":{"line":5,"column":38}},"loc":{"start":{"line":5,"column":43},"end":{"line":9,"column":1}},"line":5},"1":{"name":"(anonymous_1)","decl":{"start":{"line":11,"column":39},"end":{"line":11,"column":40}},"loc":{"start":{"line":11,"column":57},"end":{"line":16,"column":1}},"line":11},"2":{"name":"(anonymous_2)","decl":{"start":{"line":18,"column":39},"end":{"line":18,"column":40}},"loc":{"start":{"line":18,"column":55},"end":{"line":23,"column":1}},"line":18},"3":{"name":"(anonymous_3)","decl":{"start":{"line":25,"column":42},"end":{"line":25,"column":43}},"loc":{"start":{"line":25,"column":48},"end":{"line":33,"column":1}},"line":25},"4":{"name":"(anonymous_4)","decl":{"start":{"line":25,"column":48},"end":{"line":25,"column":49}},"loc":{"start":{"line":25,"column":60},"end":{"line":33,"column":1}},"line":25},"5":{"name":"(anonymous_5)","decl":{"start":{"line":29,"column":27},"end":{"line":29,"column":28}},"loc":{"start":{"line":29,"column":39},"end":{"line":32,"column":3}},"line":29},"6":{"name":"(anonymous_6)","decl":{"start":{"line":32,"column":11},"end":{"line":32,"column":12}},"loc":{"start":{"line":32,"column":18},"end":{"line":32,"column":64}},"line":32}},"branchMap":{},"s":{"0":1,"1":2,"2":1,"3":1,"4":1,"5":1,"6":1,"7":1,"8":1,"9":1,"10":1,"11":0,"12":0,"13":0},"f":{"0":2,"1":1,"2":1,"3":1,"4":1,"5":0,"6":0},"b":{},"_coverageSchema":"43e27e138ebf9cfc5966b082cf9a028302ed4184","hash":"c90d39e10f3cea14df6248f65ac3524ce1678faf"}
,"C:\\Users\\Michael_Pretorius\\Desktop\\personal\\crwn-clothing\\client\\src\\redux\\shop\\shopReducer.js": {"path":"C:\\Users\\Michael_Pretorius\\Desktop\\personal\\crwn-clothing\\client\\src\\redux\\shop\\shopReducer.js","statementMap":{"0":{"start":{"line":3,"column":29},"end":{"line":7,"column":1}},"1":{"start":{"line":10,"column":2},"end":{"line":30,"column":3}},"2":{"start":{"line":12,"column":6},"end":{"line":15,"column":8}},"3":{"start":{"line":17,"column":6},"end":{"line":21,"column":8}},"4":{"start":{"line":23,"column":6},"end":{"line":27,"column":8}},"5":{"start":{"line":29,"column":6},"end":{"line":29,"column":19}}},"fnMap":{"0":{"name":"(anonymous_0)","decl":{"start":{"line":9,"column":15},"end":{"line":9,"column":16}},"loc":{"start":{"line":9,"column":50},"end":{"line":31,"column":1}},"line":9}},"branchMap":{"0":{"loc":{"start":{"line":9,"column":16},"end":{"line":9,"column":37}},"type":"default-arg","locations":[{"start":{"line":9,"column":24},"end":{"line":9,"column":37}}],"line":9},"1":{"loc":{"start":{"line":10,"column":2},"end":{"line":30,"column":3}},"type":"switch","locations":[{"start":{"line":11,"column":4},"end":{"line":15,"column":8}},{"start":{"line":16,"column":4},"end":{"line":21,"column":8}},{"start":{"line":22,"column":4},"end":{"line":27,"column":8}},{"start":{"line":28,"column":4},"end":{"line":29,"column":19}}],"line":10}},"s":{"0":1,"1":4,"2":1,"3":1,"4":1,"5":1},"f":{"0":4},"b":{"0":[1],"1":[1,1,1,1]},"_coverageSchema":"43e27e138ebf9cfc5966b082cf9a028302ed4184","hash":"bd85c042aa6e317398a1bf75dd49b64011fe39f9"}
,"C:\\Users\\Michael_Pretorius\\Desktop\\personal\\crwn-clothing\\client\\src\\redux\\shop\\shopSelectors.js": {"path":"C:\\Users\\Michael_Pretorius\\Desktop\\personal\\crwn-clothing\\client\\src\\redux\\shop\\shopSelectors.js","statementMap":{"0":{"start":{"line":3,"column":19},"end":{"line":3,"column":38}},"1":{"start":{"line":3,"column":28},"end":{"line":3,"column":38}},"2":{"start":{"line":5,"column":33},"end":{"line":8,"column":1}},"3":{"start":{"line":7,"column":10},"end":{"line":7,"column":26}},"4":{"start":{"line":10,"column":43},"end":{"line":14,"column":1}},"5":{"start":{"line":12,"column":17},"end":{"line":13,"column":62}},"6":{"start":{"line":13,"column":40},"end":{"line":13,"column":56}},"7":{"start":{"line":16,"column":32},"end":{"line":21,"column":3}},"8":{"start":{"line":17,"column":2},"end":{"line":21,"column":3}},"9":{"start":{"line":19,"column":19},"end":{"line":20,"column":44}},"10":{"start":{"line":23,"column":42},"end":{"line":26,"column":1}},"11":{"start":{"line":25,"column":10},"end":{"line":25,"column":25}},"12":{"start":{"line":28,"column":41},"end":{"line":31,"column":1}},"13":{"start":{"line":30,"column":10},"end":{"line":30,"column":28}}},"fnMap":{"0":{"name":"(anonymous_0)","decl":{"start":{"line":3,"column":19},"end":{"line":3,"column":20}},"loc":{"start":{"line":3,"column":28},"end":{"line":3,"column":38}},"line":3},"1":{"name":"(anonymous_1)","decl":{"start":{"line":7,"column":2},"end":{"line":7,"column":3}},"loc":{"start":{"line":7,"column":10},"end":{"line":7,"column":26}},"line":7},"2":{"name":"(anonymous_2)","decl":{"start":{"line":12,"column":2},"end":{"line":12,"column":3}},"loc":{"start":{"line":12,"column":17},"end":{"line":13,"column":62}},"line":12},"3":{"name":"(anonymous_3)","decl":{"start":{"line":13,"column":33},"end":{"line":13,"column":34}},"loc":{"start":{"line":13,"column":40},"end":{"line":13,"column":56}},"line":13},"4":{"name":"(anonymous_4)","decl":{"start":{"line":16,"column":32},"end":{"line":16,"column":33}},"loc":{"start":{"line":17,"column":2},"end":{"line":21,"column":3}},"line":17},"5":{"name":"(anonymous_5)","decl":{"start":{"line":19,"column":4},"end":{"line":19,"column":5}},"loc":{"start":{"line":19,"column":19},"end":{"line":20,"column":44}},"line":19},"6":{"name":"(anonymous_6)","decl":{"start":{"line":25,"column":2},"end":{"line":25,"column":3}},"loc":{"start":{"line":25,"column":10},"end":{"line":25,"column":25}},"line":25},"7":{"name":"(anonymous_7)","decl":{"start":{"line":30,"column":2},"end":{"line":30,"column":3}},"loc":{"start":{"line":30,"column":10},"end":{"line":30,"column":28}},"line":30}},"branchMap":{"0":{"loc":{"start":{"line":12,"column":17},"end":{"line":13,"column":62}},"type":"cond-expr","locations":[{"start":{"line":13,"column":4},"end":{"line":13,"column":57}},{"start":{"line":13,"column":60},"end":{"line":13,"column":62}}],"line":12},"1":{"loc":{"start":{"line":19,"column":19},"end":{"line":20,"column":44}},"type":"cond-expr","locations":[{"start":{"line":20,"column":6},"end":{"line":20,"column":37}},{"start":{"line":20,"column":40},"end":{"line":20,"column":44}}],"line":19}},"s":{"0":2,"1":0,"2":2,"3":0,"4":2,"5":0,"6":0,"7":2,"8":0,"9":0,"10":2,"11":0,"12":2,"13":0},"f":{"0":0,"1":0,"2":0,"3":0,"4":0,"5":0,"6":0,"7":0},"b":{"0":[0,0],"1":[0,0]},"_coverageSchema":"43e27e138ebf9cfc5966b082cf9a028302ed4184","hash":"3c1eeb85d27e973b3895bdbe6dc3659ed9766eae"}
,"C:\\Users\\Michael_Pretorius\\Desktop\\personal\\crwn-clothing\\client\\src\\redux\\shop\\shopTypes.js": {"path":"C:\\Users\\Michael_Pretorius\\Desktop\\personal\\crwn-clothing\\client\\src\\redux\\shop\\shopTypes.js","statementMap":{"0":{"start":{"line":1,"column":31},"end":{"line":5,"column":1}}},"fnMap":{},"branchMap":{},"s":{"0":2},"f":{},"b":{},"_coverageSchema":"43e27e138ebf9cfc5966b082cf9a028302ed4184","hash":"2e9f909f9af55a09382ad9e2ca7d76290c309be9"}
,"C:\\Users\\Michael_Pretorius\\Desktop\\personal\\crwn-clothing\\client\\src\\redux\\user\\userActions.js": {"path":"C:\\Users\\Michael_Pretorius\\Desktop\\personal\\crwn-clothing\\client\\src\\redux\\user\\userActions.js","statementMap":{"0":{"start":{"line":3,"column":30},"end":{"line":8,"column":1}},"1":{"start":{"line":4,"column":2},"end":{"line":7,"column":4}}},"fnMap":{"0":{"name":"(anonymous_0)","decl":{"start":{"line":3,"column":30},"end":{"line":3,"column":31}},"loc":{"start":{"line":3,"column":38},"end":{"line":8,"column":1}},"line":3}},"branchMap":{},"s":{"0":0,"1":0},"f":{"0":0},"b":{},"hash":"8f099c586e30ae32dd05981293ecf7f58dc4d787"}
,"C:\\Users\\Michael_Pretorius\\Desktop\\personal\\crwn-clothing\\client\\src\\redux\\user\\userReducer.js": {"path":"C:\\Users\\Michael_Pretorius\\Desktop\\personal\\crwn-clothing\\client\\src\\redux\\user\\userReducer.js","statementMap":{"0":{"start":{"line":3,"column":22},"end":{"line":5,"column":1}},"1":{"start":{"line":8,"column":2},"end":{"line":16,"column":3}},"2":{"start":{"line":10,"column":6},"end":{"line":13,"column":8}},"3":{"start":{"line":15,"column":6},"end":{"line":15,"column":19}}},"fnMap":{"0":{"name":"(anonymous_0)","decl":{"start":{"line":7,"column":15},"end":{"line":7,"column":16}},"loc":{"start":{"line":7,"column":50},"end":{"line":17,"column":1}},"line":7}},"branchMap":{"0":{"loc":{"start":{"line":7,"column":16},"end":{"line":7,"column":37}},"type":"default-arg","locations":[{"start":{"line":7,"column":24},"end":{"line":7,"column":37}}],"line":7},"1":{"loc":{"start":{"line":8,"column":2},"end":{"line":16,"column":3}},"type":"switch","locations":[{"start":{"line":9,"column":4},"end":{"line":13,"column":8}},{"start":{"line":14,"column":4},"end":{"line":15,"column":19}}],"line":8}},"s":{"0":0,"1":0,"2":0,"3":0},"f":{"0":0},"b":{"0":[0],"1":[0,0]},"hash":"16c639fc0ead8dc8d60dc4dd5c4ee9b98c454940"}
,"C:\\Users\\Michael_Pretorius\\Desktop\\personal\\crwn-clothing\\client\\src\\redux\\user\\userSelectors.js": {"path":"C:\\Users\\Michael_Pretorius\\Desktop\\personal\\crwn-clothing\\client\\src\\redux\\user\\userSelectors.js","statementMap":{"0":{"start":{"line":3,"column":19},"end":{"line":3,"column":38}},"1":{"start":{"line":3,"column":28},"end":{"line":3,"column":38}},"2":{"start":{"line":5,"column":33},"end":{"line":8,"column":1}},"3":{"start":{"line":7,"column":10},"end":{"line":7,"column":26}}},"fnMap":{"0":{"name":"(anonymous_0)","decl":{"start":{"line":3,"column":19},"end":{"line":3,"column":20}},"loc":{"start":{"line":3,"column":28},"end":{"line":3,"column":38}},"line":3},"1":{"name":"(anonymous_1)","decl":{"start":{"line":7,"column":2},"end":{"line":7,"column":3}},"loc":{"start":{"line":7,"column":10},"end":{"line":7,"column":26}},"line":7}},"branchMap":{},"s":{"0":1,"1":0,"2":1,"3":0},"f":{"0":0,"1":0},"b":{},"_coverageSchema":"43e27e138ebf9cfc5966b082cf9a028302ed4184","hash":"4c3f5c04f736156ce5696ad0c4429013b768d858"}
,"C:\\Users\\Michael_Pretorius\\Desktop\\personal\\crwn-clothing\\client\\src\\redux\\user\\userTypes.js": {"path":"C:\\Users\\Michael_Pretorius\\Desktop\\personal\\crwn-clothing\\client\\src\\redux\\user\\userTypes.js","statementMap":{"0":{"start":{"line":1,"column":31},"end":{"line":3,"column":1}}},"fnMap":{},"branchMap":{},"s":{"0":0},"f":{},"b":{},"hash":"4ec71e961303c0601a0702b1506855f5ba673650"}
}
