TN:
SF:C:\Users\Michael_Pretorius\Desktop\personal\crwn-clothing\client\src\App.js
FN:14,(anonymous_0)
FN:15,(anonymous_1)
FN:16,(anonymous_2)
FN:17,(anonymous_3)
FN:19,(anonymous_4)
FN:20,(anonymous_5)
FN:21,(anonymous_6)
FN:25,(anonymous_7)
FN:36,(anonymous_8)
FN:51,(anonymous_9)
FNF:10
FNH:0
FNDA:0,(anonymous_0)
FNDA:0,(anonymous_1)
FNDA:0,(anonymous_2)
FNDA:0,(anonymous_3)
FNDA:0,(anonymous_4)
FNDA:0,(anonymous_5)
FNDA:0,(anonymous_6)
FNDA:0,(anonymous_7)
FNDA:0,(anonymous_8)
FNDA:0,(anonymous_9)
DA:14,0
DA:15,0
DA:16,0
DA:17,0
DA:19,0
DA:20,0
DA:21,0
DA:22,0
DA:23,0
DA:25,0
DA:26,0
DA:32,0
DA:36,0
DA:37,0
DA:41,0
DA:52,0
DA:61,0
LF:17
LH:0
BRDA:22,0,0,0
BRDA:22,0,1,0
BRDA:52,1,0,0
BRDA:52,1,1,0
BRF:4
BRH:0
end_of_record
TN:
SF:C:\Users\Michael_Pretorius\Desktop\personal\crwn-clothing\client\src\globalStyles.js
FNF:0
FNH:0
DA:3,0
LF:1
LH:0
BRF:0
BRH:0
end_of_record
TN:
SF:C:\Users\Michael_Pretorius\Desktop\personal\crwn-clothing\client\src\index.js
FNF:0
FNH:0
DA:12,0
DA:23,0
LF:2
LH:0
BRF:0
BRH:0
end_of_record
TN:
SF:C:\Users\Michael_Pretorius\Desktop\personal\crwn-clothing\client\src\serviceWorker.js
FN:23,register
FN:34,(anonymous_1)
FN:43,(anonymous_2)
FN:57,registerValidSW
FN:60,(anonymous_4)
FN:61,(anonymous_5)
FN:66,(anonymous_6)
FN:96,(anonymous_7)
FN:101,checkValidServiceWorker
FN:104,(anonymous_9)
FN:112,(anonymous_10)
FN:113,(anonymous_11)
FN:122,(anonymous_12)
FN:129,unregister
FN:131,(anonymous_14)
FNF:15
FNH:0
FNDA:0,register
FNDA:0,(anonymous_1)
FNDA:0,(anonymous_2)
FNDA:0,registerValidSW
FNDA:0,(anonymous_4)
FNDA:0,(anonymous_5)
FNDA:0,(anonymous_6)
FNDA:0,(anonymous_7)
FNDA:0,checkValidServiceWorker
FNDA:0,(anonymous_9)
FNDA:0,(anonymous_10)
FNDA:0,(anonymous_11)
FNDA:0,(anonymous_12)
FNDA:0,unregister
FNDA:0,(anonymous_14)
DA:13,0
DA:24,0
DA:26,0
DA:27,0
DA:31,0
DA:34,0
DA:35,0
DA:37,0
DA:39,0
DA:43,0
DA:44,0
DA:51,0
DA:58,0
DA:61,0
DA:62,0
DA:63,0
DA:64,0
DA:66,0
DA:67,0
DA:68,0
DA:72,0
DA:78,0
DA:79,0
DA:85,0
DA:88,0
DA:89,0
DA:97,0
DA:103,0
DA:106,0
DA:107,0
DA:112,0
DA:113,0
DA:114,0
DA:119,0
DA:123,0
DA:130,0
DA:131,0
DA:132,0
LF:38
LH:0
BRDA:14,0,0,0
BRDA:14,0,1,0
BRDA:14,0,2,0
BRDA:24,1,0,0
BRDA:24,1,1,0
BRDA:24,2,0,0
BRDA:24,2,1,0
BRDA:27,3,0,0
BRDA:27,3,1,0
BRDA:37,4,0,0
BRDA:37,4,1,0
BRDA:63,5,0,0
BRDA:63,5,1,0
BRDA:67,6,0,0
BRDA:67,6,1,0
BRDA:68,7,0,0
BRDA:68,7,1,0
BRDA:78,8,0,0
BRDA:78,8,1,0
BRDA:78,9,0,0
BRDA:78,9,1,0
BRDA:88,10,0,0
BRDA:88,10,1,0
BRDA:88,11,0,0
BRDA:88,11,1,0
BRDA:107,12,0,0
BRDA:107,12,1,0
BRDA:108,13,0,0
BRDA:108,13,1,0
BRDA:108,13,2,0
BRDA:130,14,0,0
BRDA:130,14,1,0
BRF:32
BRH:0
end_of_record
TN:
SF:C:\Users\Michael_Pretorius\Desktop\personal\crwn-clothing\client\src\components\CartDropdown\CartDropdown.jsx
FN:11,(anonymous_0)
FN:17,(anonymous_1)
FN:23,(anonymous_2)
FNF:3
FNH:3
FNDA:5,(anonymous_0)
FNDA:12,(anonymous_1)
FNDA:1,(anonymous_2)
DA:11,2
DA:12,5
DA:18,12
DA:24,1
DA:25,1
DA:33,2
LF:6
LH:6
BRDA:16,0,0,4
BRDA:16,0,1,1
BRF:2
BRH:2
end_of_record
TN:
SF:C:\Users\Michael_Pretorius\Desktop\personal\crwn-clothing\client\src\components\CartDropdown\CartDropdown.styles.jsx
FNF:0
FNH:0
DA:4,2
DA:18,2
DA:25,2
DA:29,2
DA:31,2
DA:34,2
LF:6
LH:6
BRF:0
BRH:0
end_of_record
TN:
SF:C:\Users\Michael_Pretorius\Desktop\personal\crwn-clothing\client\src\components\CartIcon\CartIcon.jsx
FN:9,(anonymous_0)
FNF:1
FNH:1
FNDA:3,(anonymous_0)
DA:9,2
DA:10,3
DA:18,2
LF:3
LH:3
BRF:0
BRH:0
end_of_record
TN:
SF:C:\Users\Michael_Pretorius\Desktop\personal\crwn-clothing\client\src\components\CartIcon\CartIcon.styles.jsx
FNF:0
FNH:0
DA:4,2
DA:13,2
DA:15,2
DA:21,2
DA:23,2
LF:5
LH:5
BRF:0
BRH:0
end_of_record
TN:
SF:C:\Users\Michael_Pretorius\Desktop\personal\crwn-clothing\client\src\components\CartItem\CartItem.jsx
FN:5,(anonymous_0)
FNF:1
FNH:1
FNDA:1,(anonymous_0)
DA:5,3
DA:6,1
LF:2
LH:2
BRF:0
BRH:0
end_of_record
TN:
SF:C:\Users\Michael_Pretorius\Desktop\personal\crwn-clothing\client\src\components\CartItem\CartItem.styles.jsx
FNF:0
FNH:0
DA:3,3
DA:10,3
DA:19,3
DA:23,3
LF:4
LH:4
BRF:0
BRH:0
end_of_record
TN:
SF:C:\Users\Michael_Pretorius\Desktop\personal\crwn-clothing\client\src\components\CheckoutItem\CheckoutItem.jsx
FN:7,(anonymous_0)
FN:17,(anonymous_1)
FN:21,(anonymous_2)
FN:26,(anonymous_3)
FNF:4
FNH:4
FNDA:4,(anonymous_0)
FNDA:1,(anonymous_1)
FNDA:1,(anonymous_2)
FNDA:1,(anonymous_3)
DA:7,2
DA:8,4
DA:10,4
DA:17,1
DA:21,1
DA:26,1
LF:6
LH:6
BRF:0
BRH:0
end_of_record
TN:
SF:C:\Users\Michael_Pretorius\Desktop\personal\crwn-clothing\client\src\components\CheckoutItem\CheckoutItem.styles.jsx
FNF:0
FNH:0
DA:3,2
DA:17,2
DA:27,2
DA:35,2
DA:46,2
DA:48,2
DA:52,2
LF:7
LH:7
BRF:0
BRH:0
end_of_record
TN:
SF:C:\Users\Michael_Pretorius\Desktop\personal\crwn-clothing\client\src\components\CollectionItem\CollectionItem.jsx
FN:14,(anonymous_0)
FN:24,(anonymous_1)
FNF:2
FNH:2
FNDA:5,(anonymous_0)
FNDA:1,(anonymous_1)
DA:14,4
DA:15,5
DA:17,5
DA:24,1
LF:4
LH:4
BRF:0
BRH:0
end_of_record
TN:
SF:C:\Users\Michael_Pretorius\Desktop\personal\crwn-clothing\client\src\components\CollectionItem\CollectionItem.styles.jsx
FN:45,(anonymous_0)
FNF:1
FNH:0
FNDA:0,(anonymous_0)
DA:4,4
DA:37,4
DA:39,4
DA:45,0
DA:47,4
DA:49,4
DA:56,4
DA:58,4
DA:62,4
DA:64,4
DA:68,4
DA:70,4
DA:84,4
LF:13
LH:12
BRF:0
BRH:0
end_of_record
TN:
SF:C:\Users\Michael_Pretorius\Desktop\personal\crwn-clothing\client\src\components\CollectionPreview\CollectionPreview.jsx
FN:11,(anonymous_0)
FN:14,(anonymous_1)
FN:19,(anonymous_2)
FN:20,(anonymous_3)
FNF:4
FNH:2
FNDA:2,(anonymous_0)
FNDA:1,(anonymous_1)
FNDA:0,(anonymous_2)
FNDA:0,(anonymous_3)
DA:11,2
DA:12,2
DA:14,1
DA:19,0
DA:21,0
LF:5
LH:3
BRF:0
BRH:0
end_of_record
TN:
SF:C:\Users\Michael_Pretorius\Desktop\personal\crwn-clothing\client\src\components\CollectionPreview\CollectionPreview.styles.jsx
FNF:0
FNH:0
DA:3,2
DA:13,2
DA:23,2
DA:25,2
LF:4
LH:4
BRF:0
BRH:0
end_of_record
TN:
SF:C:\Users\Michael_Pretorius\Desktop\personal\crwn-clothing\client\src\components\CollectionsOverview\CollectionsOverview.container.jsx
FNF:0
FNH:0
DA:9,0
DA:13,0
LF:2
LH:0
BRF:0
BRH:0
end_of_record
TN:
SF:C:\Users\Michael_Pretorius\Desktop\personal\crwn-clothing\client\src\components\CollectionsOverview\CollectionsOverview.jsx
FN:9,(anonymous_0)
FN:12,(anonymous_1)
FNF:2
FNH:1
FNDA:1,(anonymous_0)
FNDA:0,(anonymous_1)
DA:9,1
DA:10,1
DA:13,0
DA:19,1
LF:4
LH:3
BRF:0
BRH:0
end_of_record
TN:
SF:C:\Users\Michael_Pretorius\Desktop\personal\crwn-clothing\client\src\components\CollectionsOverview\CollectionsOverview.styles.jsx
FNF:0
FNH:0
DA:3,1
LF:1
LH:1
BRF:0
BRH:0
end_of_record
TN:
SF:C:\Users\Michael_Pretorius\Desktop\personal\crwn-clothing\client\src\components\CustomButton\CustomButton.jsx
FN:5,(anonymous_0)
FNF:1
FNH:1
FNDA:1,(anonymous_0)
DA:5,8
DA:6,1
LF:2
LH:2
BRF:0
BRH:0
end_of_record
TN:
SF:C:\Users\Michael_Pretorius\Desktop\personal\crwn-clothing\client\src\components\CustomButton\CustomButton.style.jsx
FN:37,(anonymous_0)
FNF:1
FNH:0
FNDA:0,(anonymous_0)
DA:3,8
DA:15,8
DA:27,8
DA:37,8
DA:38,0
DA:39,0
DA:42,0
DA:45,8
LF:8
LH:5
BRDA:38,0,0,0
BRDA:38,0,1,0
BRDA:42,1,0,0
BRDA:42,1,1,0
BRF:4
BRH:0
end_of_record
TN:
SF:C:\Users\Michael_Pretorius\Desktop\personal\crwn-clothing\client\src\components\Directory\Directory.jsx
FN:9,(anonymous_0)
FN:12,(anonymous_1)
FNF:2
FNH:1
FNDA:1,(anonymous_0)
FNDA:0,(anonymous_1)
DA:9,2
DA:10,1
DA:13,0
DA:19,2
LF:4
LH:3
BRF:0
BRH:0
end_of_record
TN:
SF:C:\Users\Michael_Pretorius\Desktop\personal\crwn-clothing\client\src\components\Directory\Directory.styles.jsx
FNF:0
FNH:0
DA:3,2
LF:1
LH:1
BRF:0
BRH:0
end_of_record
TN:
SF:C:\Users\Michael_Pretorius\Desktop\personal\crwn-clothing\client\src\components\ErrorBoundary\ErrorBoundary.jsx
FN:11,(anonymous_0)
FN:18,(anonymous_1)
FN:22,(anonymous_2)
FNF:3
FNH:0
FNDA:0,(anonymous_0)
FNDA:0,(anonymous_1)
FNDA:0,(anonymous_2)
DA:7,0
DA:13,0
DA:19,0
DA:23,0
DA:24,0
DA:32,0
LF:6
LH:0
BRDA:23,0,0,0
BRDA:23,0,1,0
BRF:2
BRH:0
end_of_record
TN:
SF:C:\Users\Michael_Pretorius\Desktop\personal\crwn-clothing\client\src\components\ErrorBoundary\ErrorBoundary.styles.js
FN:14,(anonymous_0)
FNF:1
FNH:0
FNDA:0,(anonymous_0)
DA:3,0
DA:12,0
DA:14,0
DA:21,0
LF:4
LH:0
BRF:0
BRH:0
end_of_record
TN:
SF:C:\Users\Michael_Pretorius\Desktop\personal\crwn-clothing\client\src\components\FormInput\FormInput.jsx
FN:5,(anonymous_0)
FNF:1
FNH:1
FNDA:5,(anonymous_0)
DA:5,2
DA:6,5
LF:2
LH:2
BRDA:9,0,0,4
BRDA:9,0,1,1
BRDA:10,1,0,4
BRDA:10,1,1,0
BRF:4
BRH:3
end_of_record
TN:
SF:C:\Users\Michael_Pretorius\Desktop\personal\crwn-clothing\client\src\components\FormInput\FormInput.styles.jsx
FNF:0
FNH:0
DA:3,2
DA:4,2
DA:6,2
DA:12,2
DA:17,2
DA:38,2
DA:40,2
DA:54,2
LF:8
LH:8
BRF:0
BRH:0
end_of_record
TN:
SF:C:\Users\Michael_Pretorius\Desktop\personal\crwn-clothing\client\src\components\Header\Header.jsx
FN:13,(anonymous_0)
FN:28,(anonymous_1)
FNF:2
FNH:1
FNDA:7,(anonymous_0)
FNDA:0,(anonymous_1)
DA:13,1
DA:14,7
DA:28,0
DA:41,1
LF:4
LH:3
BRDA:27,0,0,5
BRDA:27,0,1,2
BRDA:35,1,0,6
BRDA:35,1,1,1
BRF:4
BRH:4
end_of_record
TN:
SF:C:\Users\Michael_Pretorius\Desktop\personal\crwn-clothing\client\src\components\Header\Header.styles.jsx
FNF:0
FNH:0
DA:4,1
DA:18,1
DA:29,1
DA:41,1
DA:45,1
LF:5
LH:5
BRF:0
BRH:0
end_of_record
TN:
SF:C:\Users\Michael_Pretorius\Desktop\personal\crwn-clothing\client\src\components\MenuItem\MenuItem.jsx
FN:12,(anonymous_0)
FN:14,(anonymous_1)
FNF:2
FNH:2
FNDA:4,(anonymous_0)
FNDA:1,(anonymous_1)
DA:12,3
DA:13,4
DA:14,1
LF:3
LH:3
BRF:0
BRH:0
end_of_record
TN:
SF:C:\Users\Michael_Pretorius\Desktop\personal\crwn-clothing\client\src\components\MenuItem\MenuItem.styles.jsx
FN:4,(anonymous_0)
FN:46,(anonymous_1)
FNF:2
FNH:0
FNDA:0,(anonymous_0)
FNDA:0,(anonymous_1)
DA:3,3
DA:4,0
DA:39,3
DA:41,3
DA:46,0
DA:48,3
DA:50,3
DA:63,3
DA:70,3
LF:9
LH:7
BRDA:4,0,0,0
BRDA:4,0,1,0
BRF:2
BRH:0
end_of_record
TN:
SF:C:\Users\Michael_Pretorius\Desktop\personal\crwn-clothing\client\src\components\SignIn\SignIn.jsx
FN:8,(anonymous_0)
FN:15,(anonymous_1)
FN:15,(anonymous_2)
FN:19,(anonymous_3)
FN:33,(anonymous_4)
FNF:5
FNH:0
FNDA:0,(anonymous_0)
FNDA:0,(anonymous_1)
FNDA:0,(anonymous_2)
FNDA:0,(anonymous_3)
FNDA:0,(anonymous_4)
DA:8,1
DA:9,0
DA:13,0
DA:15,0
DA:16,0
DA:19,0
DA:20,0
DA:22,0
DA:24,0
DA:25,0
DA:26,0
DA:29,0
DA:33,0
DA:34,0
DA:36,0
DA:39,0
LF:16
LH:1
BRDA:26,0,0,0
BRDA:26,0,1,0
BRF:2
BRH:0
end_of_record
TN:
SF:C:\Users\Michael_Pretorius\Desktop\personal\crwn-clothing\client\src\components\SignIn\SignIn.styles.jsx
FNF:0
FNH:0
DA:3,1
DA:13,1
DA:17,1
LF:3
LH:3
BRF:0
BRH:0
end_of_record
TN:
SF:C:\Users\Michael_Pretorius\Desktop\personal\crwn-clothing\client\src\components\SignUp\SignUp.jsx
FN:8,(anonymous_0)
FN:17,(anonymous_1)
FN:17,(anonymous_2)
FN:23,(anonymous_3)
FN:47,(anonymous_4)
FNF:5
FNH:0
FNDA:0,(anonymous_0)
FNDA:0,(anonymous_1)
FNDA:0,(anonymous_2)
FNDA:0,(anonymous_3)
FNDA:0,(anonymous_4)
DA:8,1
DA:9,0
DA:15,0
DA:17,0
DA:18,0
DA:21,0
DA:23,0
DA:24,0
DA:26,0
DA:27,0
DA:28,0
DA:31,0
DA:32,0
DA:34,0
DA:36,0
DA:43,0
DA:47,0
DA:48,0
DA:50,0
DA:53,0
LF:20
LH:1
BRDA:26,0,0,0
BRDA:26,0,1,0
BRDA:36,1,0,0
BRDA:36,1,1,0
BRF:4
BRH:0
end_of_record
TN:
SF:C:\Users\Michael_Pretorius\Desktop\personal\crwn-clothing\client\src\components\SignUp\SignUp.styles.jsx
FNF:0
FNH:0
DA:3,1
DA:13,1
LF:2
LH:2
BRF:0
BRH:0
end_of_record
TN:
SF:C:\Users\Michael_Pretorius\Desktop\personal\crwn-clothing\client\src\components\Spinner\Spinner.jsx
FN:5,(anonymous_0)
FNF:1
FNH:0
FNDA:0,(anonymous_0)
DA:5,0
DA:6,0
LF:2
LH:0
BRF:0
BRH:0
end_of_record
TN:
SF:C:\Users\Michael_Pretorius\Desktop\personal\crwn-clothing\client\src\components\Spinner\Spinner.styles.jsx
FNF:0
FNH:0
DA:3,0
DA:11,0
LF:2
LH:0
BRF:0
BRH:0
end_of_record
TN:
SF:C:\Users\Michael_Pretorius\Desktop\personal\crwn-clothing\client\src\components\StripeButton\StripeButton.jsx
FN:5,(anonymous_0)
FN:9,(anonymous_1)
FN:17,(anonymous_2)
FN:19,(anonymous_3)
FNF:4
FNH:0
FNDA:0,(anonymous_0)
FNDA:0,(anonymous_1)
FNDA:0,(anonymous_2)
FNDA:0,(anonymous_3)
DA:5,1
DA:6,0
DA:7,0
DA:9,0
DA:10,0
DA:18,0
DA:20,0
DA:21,0
DA:25,0
LF:9
LH:1
BRF:0
BRH:0
end_of_record
TN:
SF:C:\Users\Michael_Pretorius\Desktop\personal\crwn-clothing\client\src\components\WithSpinner\WithSpinner.jsx
FN:5,(anonymous_0)
FN:5,(anonymous_1)
FNF:2
FNH:0
FNDA:0,(anonymous_0)
FNDA:0,(anonymous_1)
DA:5,0
DA:6,0
LF:2
LH:0
BRDA:6,0,0,0
BRDA:6,0,1,0
BRF:2
BRH:0
end_of_record
TN:
SF:C:\Users\Michael_Pretorius\Desktop\personal\crwn-clothing\client\src\firebase\firebaseUtils.js
FN:15,(anonymous_0)
FN:40,(anonymous_1)
FN:44,(anonymous_2)
FN:52,(anonymous_3)
FN:53,(anonymous_4)
FN:64,(anonymous_5)
FN:79,(anonymous_6)
FNF:7
FNH:0
FNDA:0,(anonymous_0)
FNDA:0,(anonymous_1)
FNDA:0,(anonymous_2)
FNDA:0,(anonymous_3)
FNDA:0,(anonymous_4)
FNDA:0,(anonymous_5)
FNDA:0,(anonymous_6)
DA:5,3
DA:15,3
DA:16,0
DA:18,0
DA:19,0
DA:21,0
DA:22,0
DA:23,0
DA:25,0
DA:26,0
DA:33,0
DA:37,0
DA:40,3
DA:41,0
DA:43,0
DA:44,0
DA:45,0
DA:46,0
DA:49,0
DA:52,3
DA:53,0
DA:54,0
DA:56,0
DA:64,0
DA:65,0
DA:66,0
DA:70,3
DA:72,3
DA:73,3
DA:75,3
DA:76,3
DA:79,3
LF:32
LH:10
BRDA:16,0,0,0
BRDA:16,0,1,0
BRDA:21,1,0,0
BRDA:21,1,1,0
BRF:4
BRH:0
end_of_record
TN:
SF:C:\Users\Michael_Pretorius\Desktop\personal\crwn-clothing\client\src\pages\CheckoutPage\CheckoutPage.jsx
FN:10,(anonymous_0)
FN:31,(anonymous_1)
FNF:2
FNH:2
FNDA:2,(anonymous_0)
FNDA:6,(anonymous_1)
DA:10,1
DA:11,2
DA:32,6
DA:48,1
LF:4
LH:4
BRF:0
BRH:0
end_of_record
TN:
SF:C:\Users\Michael_Pretorius\Desktop\personal\crwn-clothing\client\src\pages\CheckoutPage\CheckoutPage.styles.jsx
FNF:0
FNH:0
DA:3,1
DA:21,1
DA:29,1
DA:46,1
DA:52,1
LF:5
LH:5
BRF:0
BRH:0
end_of_record
TN:
SF:C:\Users\Michael_Pretorius\Desktop\personal\crwn-clothing\client\src\pages\CollectionPage\CollectionPage.container.jsx
FN:10,(anonymous_0)
FNF:1
FNH:0
FNDA:0,(anonymous_0)
DA:9,0
DA:10,0
DA:13,0
LF:3
LH:0
BRF:0
BRH:0
end_of_record
TN:
SF:C:\Users\Michael_Pretorius\Desktop\personal\crwn-clothing\client\src\pages\CollectionPage\CollectionPage.jsx
FN:8,(anonymous_0)
FN:15,(anonymous_1)
FN:24,(anonymous_2)
FNF:3
FNH:2
FNDA:2,(anonymous_0)
FNDA:6,(anonymous_1)
FNDA:0,(anonymous_2)
DA:8,1
DA:9,2
DA:10,2
DA:16,6
DA:24,1
DA:25,0
LF:6
LH:5
BRF:0
BRH:0
end_of_record
TN:
SF:C:\Users\Michael_Pretorius\Desktop\personal\crwn-clothing\client\src\pages\CollectionPage\CollectionPage.styles.jsx
FNF:0
FNH:0
DA:3,1
DA:9,1
DA:14,1
DA:29,1
LF:4
LH:4
BRF:0
BRH:0
end_of_record
TN:
SF:C:\Users\Michael_Pretorius\Desktop\personal\crwn-clothing\client\src\pages\HomePage\HomePage.jsx
FN:6,(anonymous_0)
FNF:1
FNH:1
FNDA:1,(anonymous_0)
DA:6,1
DA:7,1
LF:2
LH:2
BRF:0
BRH:0
end_of_record
TN:
SF:C:\Users\Michael_Pretorius\Desktop\personal\crwn-clothing\client\src\pages\HomePage\HomePage.styles.jsx
FNF:0
FNH:0
DA:3,1
LF:1
LH:1
BRF:0
BRH:0
end_of_record
TN:
SF:C:\Users\Michael_Pretorius\Desktop\personal\crwn-clothing\client\src\pages\ShopPage\ShopPage.jsx
FN:8,(anonymous_0)
FN:9,(anonymous_1)
FN:11,(anonymous_2)
FN:12,(anonymous_3)
FNF:4
FNH:0
FNDA:0,(anonymous_0)
FNDA:0,(anonymous_1)
FNDA:0,(anonymous_2)
FNDA:0,(anonymous_3)
DA:8,0
DA:9,0
DA:11,0
DA:12,0
DA:13,0
DA:16,0
LF:6
LH:0
BRF:0
BRH:0
end_of_record
TN:
SF:C:\Users\Michael_Pretorius\Desktop\personal\crwn-clothing\client\src\pages\SignInUpPage\SignInUpPage.jsx
FN:7,(anonymous_0)
FNF:1
FNH:1
FNDA:1,(anonymous_0)
DA:7,1
DA:8,1
LF:2
LH:2
BRF:0
BRH:0
end_of_record
TN:
SF:C:\Users\Michael_Pretorius\Desktop\personal\crwn-clothing\client\src\pages\SignInUpPage\SignInUpPage.styles.jsx
FNF:0
FNH:0
DA:3,1
LF:1
LH:1
BRF:0
BRH:0
end_of_record
TN:
SF:C:\Users\Michael_Pretorius\Desktop\personal\crwn-clothing\client\src\redux\rootReducer.js
FNF:0
FNH:0
DA:10,0
DA:16,0
LF:2
LH:0
BRF:0
BRH:0
end_of_record
TN:
SF:C:\Users\Michael_Pretorius\Desktop\personal\crwn-clothing\client\src\redux\store.js
FNF:0
FNH:0
DA:7,0
DA:9,0
DA:11,0
DA:13,0
LF:4
LH:0
BRDA:7,0,0,0
BRDA:7,0,1,0
BRF:2
BRH:0
end_of_record
TN:
SF:C:\Users\Michael_Pretorius\Desktop\personal\crwn-clothing\client\src\redux\cart\cartActions.js
FN:3,(anonymous_0)
FN:9,(anonymous_1)
FN:16,(anonymous_2)
FN:23,(anonymous_3)
FNF:4
FNH:0
FNDA:0,(anonymous_0)
FNDA:0,(anonymous_1)
FNDA:0,(anonymous_2)
FNDA:0,(anonymous_3)
DA:3,9
DA:4,0
DA:9,9
DA:10,0
DA:16,9
DA:17,0
DA:23,9
DA:24,0
LF:8
LH:4
BRF:0
BRH:0
end_of_record
TN:
SF:C:\Users\Michael_Pretorius\Desktop\personal\crwn-clothing\client\src\redux\cart\cartReducer.js
FN:9,(anonymous_0)
FN:24,(anonymous_1)
FNF:2
FNH:0
FNDA:0,(anonymous_0)
FNDA:0,(anonymous_1)
DA:4,0
DA:10,0
DA:12,0
DA:17,0
DA:22,0
DA:25,0
DA:29,0
DA:34,0
LF:8
LH:0
BRDA:9,0,0,0
BRDA:10,1,0,0
BRDA:10,1,1,0
BRDA:10,1,2,0
BRDA:10,1,3,0
BRDA:10,1,4,0
BRF:6
BRH:0
end_of_record
TN:
SF:C:\Users\Michael_Pretorius\Desktop\personal\crwn-clothing\client\src\redux\cart\cartSelectors.js
FN:3,(anonymous_0)
FN:7,(anonymous_1)
FN:12,(anonymous_2)
FN:17,(anonymous_3)
FN:18,(anonymous_4)
FN:24,(anonymous_5)
FN:25,(anonymous_6)
FNF:7
FNH:0
FNDA:0,(anonymous_0)
FNDA:0,(anonymous_1)
FNDA:0,(anonymous_2)
FNDA:0,(anonymous_3)
FNDA:0,(anonymous_4)
FNDA:0,(anonymous_5)
FNDA:0,(anonymous_6)
DA:3,4
DA:5,4
DA:7,0
DA:10,4
DA:12,0
DA:15,4
DA:17,0
DA:18,0
DA:22,4
DA:24,0
DA:25,0
LF:11
LH:5
BRF:0
BRH:0
end_of_record
TN:
SF:C:\Users\Michael_Pretorius\Desktop\personal\crwn-clothing\client\src\redux\cart\cartTypes.js
FNF:0
FNH:0
DA:1,9
LF:1
LH:1
BRF:0
BRH:0
end_of_record
TN:
SF:C:\Users\Michael_Pretorius\Desktop\personal\crwn-clothing\client\src\redux\cart\cartUtils.js
FN:1,(anonymous_0)
FN:2,(anonymous_1)
FN:7,(anonymous_2)
FN:18,(anonymous_3)
FN:19,(anonymous_4)
FN:24,(anonymous_5)
FN:29,(anonymous_6)
FNF:7
FNH:0
FNDA:0,(anonymous_0)
FNDA:0,(anonymous_1)
FNDA:0,(anonymous_2)
FNDA:0,(anonymous_3)
FNDA:0,(anonymous_4)
FNDA:0,(anonymous_5)
FNDA:0,(anonymous_6)
DA:1,0
DA:2,0
DA:3,0
DA:6,0
DA:7,0
DA:8,0
DA:15,0
DA:18,0
DA:19,0
DA:20,0
DA:23,0
DA:24,0
DA:25,0
DA:29,0
DA:30,0
LF:15
LH:0
BRDA:6,0,0,0
BRDA:6,0,1,0
BRDA:8,1,0,0
BRDA:8,1,1,0
BRDA:23,2,0,0
BRDA:23,2,1,0
BRDA:30,3,0,0
BRDA:30,3,1,0
BRF:8
BRH:0
end_of_record
TN:
SF:C:\Users\Michael_Pretorius\Desktop\personal\crwn-clothing\client\src\redux\directory\directoryReducer.js
FN:33,(anonymous_0)
FNF:1
FNH:1
FNDA:1,(anonymous_0)
DA:1,1
DA:34,1
DA:36,1
LF:3
LH:3
BRDA:33,0,0,1
BRDA:34,1,0,1
BRF:2
BRH:2
end_of_record
TN:
SF:C:\Users\Michael_Pretorius\Desktop\personal\crwn-clothing\client\src\redux\directory\directorySelectors.js
FN:3,(anonymous_0)
FN:7,(anonymous_1)
FNF:2
FNH:0
FNDA:0,(anonymous_0)
FNDA:0,(anonymous_1)
DA:3,2
DA:5,2
DA:7,0
LF:3
LH:2
BRF:0
BRH:0
end_of_record
TN:
SF:C:\Users\Michael_Pretorius\Desktop\personal\crwn-clothing\client\src\redux\shop\shopActions.js
FN:5,(anonymous_0)
FN:11,(anonymous_1)
FN:18,(anonymous_2)
FN:25,(anonymous_3)
FN:25,(anonymous_4)
FN:29,(anonymous_5)
FN:32,(anonymous_6)
FNF:7
FNH:5
FNDA:2,(anonymous_0)
FNDA:1,(anonymous_1)
FNDA:1,(anonymous_2)
FNDA:1,(anonymous_3)
FNDA:1,(anonymous_4)
FNDA:0,(anonymous_5)
FNDA:0,(anonymous_6)
DA:5,1
DA:6,2
DA:11,1
DA:12,1
DA:18,1
DA:19,1
DA:25,1
DA:26,1
DA:27,1
DA:29,1
DA:30,0
DA:31,0
DA:32,0
LF:13
LH:10
BRF:0
BRH:0
end_of_record
TN:
SF:C:\Users\Michael_Pretorius\Desktop\personal\crwn-clothing\client\src\redux\shop\shopReducer.js
FN:9,(anonymous_0)
FNF:1
FNH:1
FNDA:4,(anonymous_0)
DA:3,1
DA:10,4
DA:12,1
DA:17,1
DA:23,1
DA:29,1
LF:6
LH:6
BRDA:9,0,0,1
BRDA:10,1,0,1
BRDA:10,1,1,1
BRDA:10,1,2,1
BRDA:10,1,3,1
BRF:5
BRH:5
end_of_record
TN:
SF:C:\Users\Michael_Pretorius\Desktop\personal\crwn-clothing\client\src\redux\shop\shopSelectors.js
FN:3,(anonymous_0)
FN:7,(anonymous_1)
FN:12,(anonymous_2)
FN:13,(anonymous_3)
FN:16,(anonymous_4)
FN:19,(anonymous_5)
FN:25,(anonymous_6)
FN:30,(anonymous_7)
FNF:8
FNH:0
FNDA:0,(anonymous_0)
FNDA:0,(anonymous_1)
FNDA:0,(anonymous_2)
FNDA:0,(anonymous_3)
FNDA:0,(anonymous_4)
FNDA:0,(anonymous_5)
FNDA:0,(anonymous_6)
FNDA:0,(anonymous_7)
DA:3,2
DA:5,2
DA:7,0
DA:10,2
DA:12,0
DA:13,0
DA:16,2
DA:17,0
DA:19,0
DA:23,2
DA:25,0
DA:28,2
DA:30,0
LF:13
LH:6
BRDA:12,0,0,0
BRDA:12,0,1,0
BRDA:19,1,0,0
BRDA:19,1,1,0
BRF:4
BRH:0
end_of_record
TN:
SF:C:\Users\Michael_Pretorius\Desktop\personal\crwn-clothing\client\src\redux\shop\shopTypes.js
FNF:0
FNH:0
DA:1,2
LF:1
LH:1
BRF:0
BRH:0
end_of_record
TN:
SF:C:\Users\Michael_Pretorius\Desktop\personal\crwn-clothing\client\src\redux\user\userActions.js
FN:3,(anonymous_0)
FNF:1
FNH:0
FNDA:0,(anonymous_0)
DA:3,0
DA:4,0
LF:2
LH:0
BRF:0
BRH:0
end_of_record
TN:
SF:C:\Users\Michael_Pretorius\Desktop\personal\crwn-clothing\client\src\redux\user\userReducer.js
FN:7,(anonymous_0)
FNF:1
FNH:0
FNDA:0,(anonymous_0)
DA:3,0
DA:8,0
DA:10,0
DA:15,0
LF:4
LH:0
BRDA:7,0,0,0
BRDA:8,1,0,0
BRDA:8,1,1,0
BRF:3
BRH:0
end_of_record
TN:
SF:C:\Users\Michael_Pretorius\Desktop\personal\crwn-clothing\client\src\redux\user\userSelectors.js
FN:3,(anonymous_0)
FN:7,(anonymous_1)
FNF:2
FNH:0
FNDA:0,(anonymous_0)
FNDA:0,(anonymous_1)
DA:3,1
DA:5,1
DA:7,0
LF:3
LH:2
BRF:0
BRH:0
end_of_record
TN:
SF:C:\Users\Michael_Pretorius\Desktop\personal\crwn-clothing\client\src\redux\user\userTypes.js
FNF:0
FNH:0
DA:1,0
LF:1
LH:0
BRF:0
BRH:0
end_of_record
